{"/aidlc-workshop/src/Audio.js": {"path":"/aidlc-workshop/src/Audio.js","all":false,"statementMap":{"0":{"start":{"line":1,"column":0},"end":{"line":1,"column":3}},"1":{"start":{"line":2,"column":0},"end":{"line":2,"column":32}},"2":{"start":{"line":3,"column":0},"end":{"line":3,"column":2}},"3":{"start":{"line":4,"column":0},"end":{"line":4,"column":76}},"4":{"start":{"line":5,"column":0},"end":{"line":5,"column":74}},"5":{"start":{"line":6,"column":0},"end":{"line":6,"column":18}},"6":{"start":{"line":7,"column":0},"end":{"line":7,"column":3}},"8":{"start":{"line":9,"column":0},"end":{"line":9,"column":20}},"9":{"start":{"line":10,"column":0},"end":{"line":10,"column":17}},"10":{"start":{"line":11,"column":0},"end":{"line":11,"column":45}},"11":{"start":{"line":12,"column":0},"end":{"line":12,"column":49}},"12":{"start":{"line":13,"column":0},"end":{"line":13,"column":63}},"13":{"start":{"line":14,"column":0},"end":{"line":14,"column":23}},"14":{"start":{"line":15,"column":0},"end":{"line":15,"column":29}},"16":{"start":{"line":17,"column":0},"end":{"line":17,"column":41}},"17":{"start":{"line":18,"column":0},"end":{"line":18,"column":21}},"18":{"start":{"line":19,"column":0},"end":{"line":19,"column":17}},"19":{"start":{"line":20,"column":0},"end":{"line":20,"column":18}},"20":{"start":{"line":21,"column":0},"end":{"line":21,"column":22}},"21":{"start":{"line":22,"column":0},"end":{"line":22,"column":23}},"22":{"start":{"line":23,"column":0},"end":{"line":23,"column":5}},"23":{"start":{"line":24,"column":0},"end":{"line":24,"column":3}},"25":{"start":{"line":26,"column":0},"end":{"line":26,"column":5}},"26":{"start":{"line":27,"column":0},"end":{"line":27,"column":55}},"27":{"start":{"line":28,"column":0},"end":{"line":28,"column":54}},"28":{"start":{"line":29,"column":0},"end":{"line":29,"column":5}},"29":{"start":{"line":30,"column":0},"end":{"line":30,"column":10}},"30":{"start":{"line":31,"column":0},"end":{"line":31,"column":9}},"31":{"start":{"line":32,"column":0},"end":{"line":32,"column":71}},"32":{"start":{"line":33,"column":0},"end":{"line":33,"column":22}},"33":{"start":{"line":34,"column":0},"end":{"line":34,"column":33}},"34":{"start":{"line":35,"column":0},"end":{"line":35,"column":14}},"35":{"start":{"line":36,"column":0},"end":{"line":36,"column":7}},"37":{"start":{"line":38,"column":0},"end":{"line":38,"column":32}},"38":{"start":{"line":39,"column":0},"end":{"line":39,"column":45}},"39":{"start":{"line":40,"column":0},"end":{"line":40,"column":51}},"40":{"start":{"line":41,"column":0},"end":{"line":41,"column":55}},"41":{"start":{"line":42,"column":0},"end":{"line":42,"column":30}},"43":{"start":{"line":44,"column":0},"end":{"line":44,"column":76}},"44":{"start":{"line":45,"column":0},"end":{"line":45,"column":24}},"45":{"start":{"line":46,"column":0},"end":{"line":46,"column":17}},"46":{"start":{"line":47,"column":0},"end":{"line":47,"column":72}},"47":{"start":{"line":48,"column":0},"end":{"line":48,"column":31}},"48":{"start":{"line":49,"column":0},"end":{"line":49,"column":5}},"49":{"start":{"line":50,"column":0},"end":{"line":50,"column":3}},"51":{"start":{"line":52,"column":0},"end":{"line":52,"column":5}},"52":{"start":{"line":53,"column":0},"end":{"line":53,"column":32}},"53":{"start":{"line":54,"column":0},"end":{"line":54,"column":5}},"54":{"start":{"line":55,"column":0},"end":{"line":55,"column":14}},"55":{"start":{"line":56,"column":0},"end":{"line":56,"column":40}},"56":{"start":{"line":57,"column":0},"end":{"line":57,"column":3}},"58":{"start":{"line":59,"column":0},"end":{"line":59,"column":5}},"59":{"start":{"line":60,"column":0},"end":{"line":60,"column":39}},"60":{"start":{"line":61,"column":0},"end":{"line":61,"column":5}},"61":{"start":{"line":62,"column":0},"end":{"line":62,"column":15}},"62":{"start":{"line":63,"column":0},"end":{"line":63,"column":41}},"63":{"start":{"line":64,"column":0},"end":{"line":64,"column":3}},"65":{"start":{"line":66,"column":0},"end":{"line":66,"column":5}},"66":{"start":{"line":67,"column":0},"end":{"line":67,"column":37}},"67":{"start":{"line":68,"column":0},"end":{"line":68,"column":5}},"68":{"start":{"line":69,"column":0},"end":{"line":69,"column":19}},"69":{"start":{"line":70,"column":0},"end":{"line":70,"column":45}},"70":{"start":{"line":71,"column":0},"end":{"line":71,"column":3}},"72":{"start":{"line":73,"column":0},"end":{"line":73,"column":5}},"73":{"start":{"line":74,"column":0},"end":{"line":74,"column":40}},"74":{"start":{"line":75,"column":0},"end":{"line":75,"column":5}},"75":{"start":{"line":76,"column":0},"end":{"line":76,"column":25}},"76":{"start":{"line":77,"column":0},"end":{"line":77,"column":71}},"77":{"start":{"line":78,"column":0},"end":{"line":78,"column":24}},"79":{"start":{"line":80,"column":0},"end":{"line":80,"column":9}},"80":{"start":{"line":81,"column":0},"end":{"line":81,"column":51}},"81":{"start":{"line":82,"column":0},"end":{"line":82,"column":86}},"82":{"start":{"line":83,"column":0},"end":{"line":83,"column":24}},"83":{"start":{"line":84,"column":0},"end":{"line":84,"column":36}},"84":{"start":{"line":85,"column":0},"end":{"line":85,"column":21}},"85":{"start":{"line":86,"column":0},"end":{"line":86,"column":29}},"86":{"start":{"line":87,"column":0},"end":{"line":87,"column":17}},"87":{"start":{"line":88,"column":0},"end":{"line":88,"column":53}},"88":{"start":{"line":89,"column":0},"end":{"line":89,"column":5}},"89":{"start":{"line":90,"column":0},"end":{"line":90,"column":3}},"91":{"start":{"line":92,"column":0},"end":{"line":92,"column":5}},"92":{"start":{"line":93,"column":0},"end":{"line":93,"column":27}},"93":{"start":{"line":94,"column":0},"end":{"line":94,"column":5}},"94":{"start":{"line":95,"column":0},"end":{"line":95,"column":25}},"95":{"start":{"line":96,"column":0},"end":{"line":96,"column":24}},"96":{"start":{"line":97,"column":0},"end":{"line":97,"column":3}},"98":{"start":{"line":99,"column":0},"end":{"line":99,"column":5}},"99":{"start":{"line":100,"column":0},"end":{"line":100,"column":55}},"100":{"start":{"line":101,"column":0},"end":{"line":101,"column":27}},"101":{"start":{"line":102,"column":0},"end":{"line":102,"column":5}},"102":{"start":{"line":103,"column":0},"end":{"line":103,"column":19}},"103":{"start":{"line":104,"column":0},"end":{"line":104,"column":23}},"104":{"start":{"line":105,"column":0},"end":{"line":105,"column":25}},"105":{"start":{"line":106,"column":0},"end":{"line":106,"column":49}},"106":{"start":{"line":107,"column":0},"end":{"line":107,"column":5}},"107":{"start":{"line":108,"column":0},"end":{"line":108,"column":3}},"109":{"start":{"line":110,"column":0},"end":{"line":110,"column":5}},"110":{"start":{"line":111,"column":0},"end":{"line":111,"column":45}},"111":{"start":{"line":112,"column":0},"end":{"line":112,"column":23}},"112":{"start":{"line":113,"column":0},"end":{"line":113,"column":5}},"113":{"start":{"line":114,"column":0},"end":{"line":114,"column":13}},"114":{"start":{"line":115,"column":0},"end":{"line":115,"column":22}},"115":{"start":{"line":116,"column":0},"end":{"line":116,"column":3}},"117":{"start":{"line":118,"column":0},"end":{"line":118,"column":78}},"119":{"start":{"line":120,"column":0},"end":{"line":120,"column":5}},"120":{"start":{"line":121,"column":0},"end":{"line":121,"column":77}},"121":{"start":{"line":122,"column":0},"end":{"line":122,"column":37}},"122":{"start":{"line":123,"column":0},"end":{"line":123,"column":5}},"123":{"start":{"line":124,"column":0},"end":{"line":124,"column":23}},"124":{"start":{"line":125,"column":0},"end":{"line":125,"column":59}},"125":{"start":{"line":126,"column":0},"end":{"line":126,"column":9}},"126":{"start":{"line":127,"column":0},"end":{"line":127,"column":74}},"127":{"start":{"line":128,"column":0},"end":{"line":128,"column":44}},"128":{"start":{"line":129,"column":0},"end":{"line":129,"column":26}},"129":{"start":{"line":130,"column":0},"end":{"line":130,"column":7}},"130":{"start":{"line":131,"column":0},"end":{"line":131,"column":51}},"131":{"start":{"line":132,"column":0},"end":{"line":132,"column":28}},"132":{"start":{"line":133,"column":0},"end":{"line":133,"column":36}},"133":{"start":{"line":134,"column":0},"end":{"line":134,"column":21}},"134":{"start":{"line":135,"column":0},"end":{"line":135,"column":17}},"135":{"start":{"line":136,"column":0},"end":{"line":136,"column":31}},"136":{"start":{"line":137,"column":0},"end":{"line":137,"column":5}},"137":{"start":{"line":138,"column":0},"end":{"line":138,"column":3}},"139":{"start":{"line":140,"column":0},"end":{"line":140,"column":5}},"140":{"start":{"line":141,"column":0},"end":{"line":141,"column":62}},"141":{"start":{"line":142,"column":0},"end":{"line":142,"column":5}},"142":{"start":{"line":143,"column":0},"end":{"line":143,"column":19}},"143":{"start":{"line":144,"column":0},"end":{"line":144,"column":25}},"144":{"start":{"line":145,"column":0},"end":{"line":145,"column":11}},"145":{"start":{"line":146,"column":0},"end":{"line":146,"column":29}},"146":{"start":{"line":147,"column":0},"end":{"line":147,"column":19}},"147":{"start":{"line":148,"column":0},"end":{"line":148,"column":61}},"148":{"start":{"line":149,"column":0},"end":{"line":149,"column":7}},"149":{"start":{"line":150,"column":0},"end":{"line":150,"column":11}},"150":{"start":{"line":151,"column":0},"end":{"line":151,"column":35}},"151":{"start":{"line":152,"column":0},"end":{"line":152,"column":19}},"152":{"start":{"line":153,"column":0},"end":{"line":153,"column":35}},"153":{"start":{"line":154,"column":0},"end":{"line":154,"column":7}},"154":{"start":{"line":155,"column":0},"end":{"line":155,"column":27}},"155":{"start":{"line":156,"column":0},"end":{"line":156,"column":5}},"156":{"start":{"line":157,"column":0},"end":{"line":157,"column":3}},"158":{"start":{"line":159,"column":0},"end":{"line":159,"column":5}},"159":{"start":{"line":160,"column":0},"end":{"line":160,"column":51}},"160":{"start":{"line":161,"column":0},"end":{"line":161,"column":65}},"161":{"start":{"line":162,"column":0},"end":{"line":162,"column":5}},"162":{"start":{"line":163,"column":0},"end":{"line":163,"column":23}},"163":{"start":{"line":164,"column":0},"end":{"line":164,"column":26}},"165":{"start":{"line":166,"column":0},"end":{"line":166,"column":20}},"166":{"start":{"line":167,"column":0},"end":{"line":167,"column":48}},"167":{"start":{"line":168,"column":0},"end":{"line":168,"column":58}},"168":{"start":{"line":169,"column":0},"end":{"line":169,"column":5}},"170":{"start":{"line":171,"column":0},"end":{"line":171,"column":41}},"171":{"start":{"line":172,"column":0},"end":{"line":172,"column":11}},"172":{"start":{"line":173,"column":0},"end":{"line":173,"column":38}},"173":{"start":{"line":174,"column":0},"end":{"line":174,"column":30}},"174":{"start":{"line":175,"column":0},"end":{"line":175,"column":52}},"175":{"start":{"line":176,"column":0},"end":{"line":176,"column":73}},"176":{"start":{"line":177,"column":0},"end":{"line":177,"column":19}},"177":{"start":{"line":178,"column":0},"end":{"line":178,"column":54}},"178":{"start":{"line":179,"column":0},"end":{"line":179,"column":7}},"179":{"start":{"line":180,"column":0},"end":{"line":180,"column":5}},"181":{"start":{"line":182,"column":0},"end":{"line":182,"column":66}},"182":{"start":{"line":183,"column":0},"end":{"line":183,"column":9}},"183":{"start":{"line":184,"column":0},"end":{"line":184,"column":60}},"184":{"start":{"line":185,"column":0},"end":{"line":185,"column":17}},"185":{"start":{"line":186,"column":0},"end":{"line":186,"column":15}},"186":{"start":{"line":187,"column":0},"end":{"line":187,"column":5}},"187":{"start":{"line":188,"column":0},"end":{"line":188,"column":3}},"189":{"start":{"line":190,"column":0},"end":{"line":190,"column":5}},"190":{"start":{"line":191,"column":0},"end":{"line":191,"column":62}},"191":{"start":{"line":192,"column":0},"end":{"line":192,"column":35}},"192":{"start":{"line":193,"column":0},"end":{"line":193,"column":39}},"193":{"start":{"line":194,"column":0},"end":{"line":194,"column":27}},"194":{"start":{"line":195,"column":0},"end":{"line":195,"column":5}},"195":{"start":{"line":196,"column":0},"end":{"line":196,"column":42}},"196":{"start":{"line":197,"column":0},"end":{"line":197,"column":52}},"197":{"start":{"line":198,"column":0},"end":{"line":198,"column":56}},"198":{"start":{"line":199,"column":0},"end":{"line":199,"column":68}},"199":{"start":{"line":200,"column":0},"end":{"line":200,"column":41}},"200":{"start":{"line":201,"column":0},"end":{"line":201,"column":42}},"201":{"start":{"line":202,"column":0},"end":{"line":202,"column":39}},"202":{"start":{"line":203,"column":0},"end":{"line":203,"column":41}},"203":{"start":{"line":204,"column":0},"end":{"line":204,"column":83}},"204":{"start":{"line":205,"column":0},"end":{"line":205,"column":5}},"205":{"start":{"line":206,"column":0},"end":{"line":206,"column":17}},"206":{"start":{"line":207,"column":0},"end":{"line":207,"column":3}},"207":{"start":{"line":208,"column":0},"end":{"line":208,"column":1}}},"s":{"0":1,"1":1,"2":1,"3":1,"4":1,"5":1,"6":1,"8":1,"9":1,"10":14,"11":14,"12":14,"13":14,"14":14,"16":14,"17":14,"18":14,"19":14,"20":14,"21":14,"22":14,"23":14,"25":1,"26":1,"27":1,"28":1,"29":1,"30":14,"31":14,"32":14,"33":2,"34":2,"35":2,"37":12,"38":12,"39":12,"40":14,"41":14,"43":14,"44":14,"45":14,"46":0,"47":0,"48":0,"49":14,"51":1,"52":1,"53":1,"54":1,"55":3,"56":3,"58":1,"59":1,"60":1,"61":1,"62":1,"63":1,"65":1,"66":1,"67":1,"68":1,"69":2,"70":2,"72":1,"73":1,"74":1,"75":1,"76":2,"77":2,"79":2,"80":2,"81":2,"82":2,"83":2,"84":2,"85":2,"86":2,"87":0,"88":0,"89":2,"91":1,"92":1,"93":1,"94":1,"95":2,"96":2,"98":1,"99":1,"100":1,"101":1,"102":1,"103":3,"104":3,"105":3,"106":3,"107":3,"109":1,"110":1,"111":1,"112":1,"113":1,"114":2,"115":2,"117":1,"119":1,"120":1,"121":1,"122":1,"123":1,"124":6,"125":2,"126":2,"127":6,"128":0,"129":0,"130":2,"131":2,"132":2,"133":2,"134":6,"135":0,"136":0,"137":6,"139":1,"140":1,"141":1,"142":1,"143":4,"144":1,"145":1,"146":1,"147":0,"148":0,"149":1,"150":1,"151":1,"152":0,"153":0,"154":1,"155":1,"156":4,"158":1,"159":1,"160":1,"161":1,"162":1,"163":12,"165":12,"166":12,"167":12,"168":12,"170":12,"171":24,"172":24,"173":24,"174":0,"175":0,"176":0,"177":0,"178":0,"179":24,"181":12,"182":12,"183":12,"184":12,"185":0,"186":0,"187":12,"189":1,"190":1,"191":1,"192":1,"193":1,"194":1,"195":1,"196":12,"197":12,"198":12,"199":12,"200":12,"201":52920,"202":52920,"203":52920,"204":52920,"205":12,"206":12,"207":1},"branchMap":{"0":{"type":"branch","line":10,"loc":{"start":{"line":10,"column":2},"end":{"line":24,"column":3}},"locations":[{"start":{"line":10,"column":2},"end":{"line":24,"column":3}}]},"1":{"type":"branch","line":30,"loc":{"start":{"line":30,"column":2},"end":{"line":50,"column":3}},"locations":[{"start":{"line":30,"column":2},"end":{"line":50,"column":3}}]},"2":{"type":"branch","line":32,"loc":{"start":{"line":32,"column":43},"end":{"line":32,"column":71}},"locations":[{"start":{"line":32,"column":43},"end":{"line":32,"column":71}}]},"3":{"type":"branch","line":33,"loc":{"start":{"line":33,"column":21},"end":{"line":36,"column":7}},"locations":[{"start":{"line":33,"column":21},"end":{"line":36,"column":7}}]},"4":{"type":"branch","line":36,"loc":{"start":{"line":36,"column":6},"end":{"line":41,"column":46}},"locations":[{"start":{"line":36,"column":6},"end":{"line":41,"column":46}}]},"5":{"type":"branch","line":41,"loc":{"start":{"line":41,"column":46},"end":{"line":41,"column":49}},"locations":[{"start":{"line":41,"column":46},"end":{"line":41,"column":49}}]},"6":{"type":"branch","line":41,"loc":{"start":{"line":41,"column":50},"end":{"line":41,"column":55}},"locations":[{"start":{"line":41,"column":50},"end":{"line":41,"column":55}}]},"7":{"type":"branch","line":46,"loc":{"start":{"line":46,"column":6},"end":{"line":49,"column":5}},"locations":[{"start":{"line":46,"column":6},"end":{"line":49,"column":5}}]},"8":{"type":"branch","line":55,"loc":{"start":{"line":55,"column":2},"end":{"line":57,"column":3}},"locations":[{"start":{"line":55,"column":2},"end":{"line":57,"column":3}}]},"9":{"type":"branch","line":62,"loc":{"start":{"line":62,"column":2},"end":{"line":64,"column":3}},"locations":[{"start":{"line":62,"column":2},"end":{"line":64,"column":3}}]},"10":{"type":"branch","line":69,"loc":{"start":{"line":69,"column":2},"end":{"line":71,"column":3}},"locations":[{"start":{"line":69,"column":2},"end":{"line":71,"column":3}}]},"11":{"type":"branch","line":76,"loc":{"start":{"line":76,"column":2},"end":{"line":90,"column":3}},"locations":[{"start":{"line":76,"column":2},"end":{"line":90,"column":3}}]},"12":{"type":"branch","line":77,"loc":{"start":{"line":77,"column":65},"end":{"line":77,"column":71}},"locations":[{"start":{"line":77,"column":65},"end":{"line":77,"column":71}}]},"13":{"type":"branch","line":87,"loc":{"start":{"line":87,"column":6},"end":{"line":89,"column":5}},"locations":[{"start":{"line":87,"column":6},"end":{"line":89,"column":5}}]},"14":{"type":"branch","line":95,"loc":{"start":{"line":95,"column":2},"end":{"line":97,"column":3}},"locations":[{"start":{"line":95,"column":2},"end":{"line":97,"column":3}}]},"15":{"type":"branch","line":103,"loc":{"start":{"line":103,"column":2},"end":{"line":108,"column":3}},"locations":[{"start":{"line":103,"column":2},"end":{"line":108,"column":3}}]},"16":{"type":"branch","line":106,"loc":{"start":{"line":106,"column":40},"end":{"line":106,"column":43}},"locations":[{"start":{"line":106,"column":40},"end":{"line":106,"column":43}}]},"17":{"type":"branch","line":106,"loc":{"start":{"line":106,"column":44},"end":{"line":106,"column":49}},"locations":[{"start":{"line":106,"column":44},"end":{"line":106,"column":49}}]},"18":{"type":"branch","line":114,"loc":{"start":{"line":114,"column":2},"end":{"line":116,"column":3}},"locations":[{"start":{"line":114,"column":2},"end":{"line":116,"column":3}}]},"19":{"type":"branch","line":124,"loc":{"start":{"line":124,"column":2},"end":{"line":138,"column":3}},"locations":[{"start":{"line":124,"column":2},"end":{"line":138,"column":3}}]},"20":{"type":"branch","line":125,"loc":{"start":{"line":125,"column":27},"end":{"line":125,"column":40}},"locations":[{"start":{"line":125,"column":27},"end":{"line":125,"column":40}}]},"21":{"type":"branch","line":125,"loc":{"start":{"line":125,"column":41},"end":{"line":125,"column":51}},"locations":[{"start":{"line":125,"column":41},"end":{"line":125,"column":51}}]},"22":{"type":"branch","line":125,"loc":{"start":{"line":125,"column":53},"end":{"line":125,"column":59}},"locations":[{"start":{"line":125,"column":53},"end":{"line":125,"column":59}}]},"23":{"type":"branch","line":125,"loc":{"start":{"line":125,"column":53},"end":{"line":128,"column":43}},"locations":[{"start":{"line":125,"column":53},"end":{"line":128,"column":43}}]},"24":{"type":"branch","line":128,"loc":{"start":{"line":128,"column":43},"end":{"line":130,"column":7}},"locations":[{"start":{"line":128,"column":43},"end":{"line":130,"column":7}}]},"25":{"type":"branch","line":130,"loc":{"start":{"line":130,"column":6},"end":{"line":135,"column":6}},"locations":[{"start":{"line":130,"column":6},"end":{"line":135,"column":6}}]},"26":{"type":"branch","line":135,"loc":{"start":{"line":135,"column":6},"end":{"line":137,"column":5}},"locations":[{"start":{"line":135,"column":6},"end":{"line":137,"column":5}}]},"27":{"type":"branch","line":143,"loc":{"start":{"line":143,"column":2},"end":{"line":157,"column":3}},"locations":[{"start":{"line":143,"column":2},"end":{"line":157,"column":3}}]},"28":{"type":"branch","line":144,"loc":{"start":{"line":144,"column":24},"end":{"line":156,"column":5}},"locations":[{"start":{"line":144,"column":24},"end":{"line":156,"column":5}}]},"29":{"type":"branch","line":147,"loc":{"start":{"line":147,"column":8},"end":{"line":149,"column":7}},"locations":[{"start":{"line":147,"column":8},"end":{"line":149,"column":7}}]},"30":{"type":"branch","line":152,"loc":{"start":{"line":152,"column":8},"end":{"line":154,"column":7}},"locations":[{"start":{"line":152,"column":8},"end":{"line":154,"column":7}}]},"31":{"type":"branch","line":163,"loc":{"start":{"line":163,"column":2},"end":{"line":188,"column":3}},"locations":[{"start":{"line":163,"column":2},"end":{"line":188,"column":3}}]},"32":{"type":"branch","line":164,"loc":{"start":{"line":164,"column":20},"end":{"line":164,"column":26}},"locations":[{"start":{"line":164,"column":20},"end":{"line":164,"column":26}}]},"33":{"type":"branch","line":171,"loc":{"start":{"line":171,"column":40},"end":{"line":180,"column":5}},"locations":[{"start":{"line":171,"column":40},"end":{"line":180,"column":5}}]},"34":{"type":"branch","line":174,"loc":{"start":{"line":174,"column":22},"end":{"line":179,"column":7}},"locations":[{"start":{"line":174,"column":22},"end":{"line":179,"column":7}}]},"35":{"type":"branch","line":185,"loc":{"start":{"line":185,"column":6},"end":{"line":187,"column":5}},"locations":[{"start":{"line":185,"column":6},"end":{"line":187,"column":5}}]},"36":{"type":"branch","line":196,"loc":{"start":{"line":196,"column":2},"end":{"line":207,"column":3}},"locations":[{"start":{"line":196,"column":2},"end":{"line":207,"column":3}}]},"37":{"type":"branch","line":201,"loc":{"start":{"line":201,"column":41},"end":{"line":205,"column":5}},"locations":[{"start":{"line":201,"column":41},"end":{"line":205,"column":5}}]}},"b":{"0":[14],"1":[14],"2":[2],"3":[2],"4":[12],"5":[0],"6":[12],"7":[0],"8":[3],"9":[1],"10":[2],"11":[2],"12":[0],"13":[0],"14":[2],"15":[3],"16":[2],"17":[1],"18":[2],"19":[6],"20":[4],"21":[4],"22":[4],"23":[2],"24":[0],"25":[2],"26":[0],"27":[4],"28":[1],"29":[0],"30":[0],"31":[12],"32":[0],"33":[24],"34":[0],"35":[0],"36":[12],"37":[52920]},"fnMap":{"0":{"name":"Audio","decl":{"start":{"line":10,"column":2},"end":{"line":24,"column":3}},"loc":{"start":{"line":10,"column":2},"end":{"line":24,"column":3}},"line":10},"1":{"name":"init","decl":{"start":{"line":30,"column":2},"end":{"line":50,"column":3}},"loc":{"start":{"line":30,"column":2},"end":{"line":50,"column":3}},"line":30},"2":{"name":"playFlap","decl":{"start":{"line":55,"column":2},"end":{"line":57,"column":3}},"loc":{"start":{"line":55,"column":2},"end":{"line":57,"column":3}},"line":55},"3":{"name":"playPoint","decl":{"start":{"line":62,"column":2},"end":{"line":64,"column":3}},"loc":{"start":{"line":62,"column":2},"end":{"line":64,"column":3}},"line":62},"4":{"name":"playCollision","decl":{"start":{"line":69,"column":2},"end":{"line":71,"column":3}},"loc":{"start":{"line":69,"column":2},"end":{"line":71,"column":3}},"line":69},"5":{"name":"playBackgroundMusic","decl":{"start":{"line":76,"column":2},"end":{"line":90,"column":3}},"loc":{"start":{"line":76,"column":2},"end":{"line":90,"column":3}},"line":76},"6":{"name":"stopBackgroundMusic","decl":{"start":{"line":95,"column":2},"end":{"line":97,"column":3}},"loc":{"start":{"line":95,"column":2},"end":{"line":97,"column":3}},"line":95},"7":{"name":"setMuted","decl":{"start":{"line":103,"column":2},"end":{"line":108,"column":3}},"loc":{"start":{"line":103,"column":2},"end":{"line":108,"column":3}},"line":103},"8":{"name":"isMuted","decl":{"start":{"line":114,"column":2},"end":{"line":116,"column":3}},"loc":{"start":{"line":114,"column":2},"end":{"line":116,"column":3}},"line":114},"9":{"name":"_playBuffer","decl":{"start":{"line":124,"column":2},"end":{"line":138,"column":3}},"loc":{"start":{"line":124,"column":2},"end":{"line":138,"column":3}},"line":124},"10":{"name":"_stopBgSource","decl":{"start":{"line":143,"column":2},"end":{"line":157,"column":3}},"loc":{"start":{"line":143,"column":2},"end":{"line":157,"column":3}},"line":143},"11":{"name":"_loadAssets","decl":{"start":{"line":163,"column":2},"end":{"line":188,"column":3}},"loc":{"start":{"line":163,"column":2},"end":{"line":188,"column":3}},"line":163},"12":{"name":"_createBeepBuffer","decl":{"start":{"line":196,"column":2},"end":{"line":207,"column":3}},"loc":{"start":{"line":196,"column":2},"end":{"line":207,"column":3}},"line":196}},"f":{"0":14,"1":14,"2":3,"3":1,"4":2,"5":2,"6":2,"7":3,"8":2,"9":6,"10":4,"11":12,"12":12}}
,"/aidlc-workshop/src/GameLoop.js": {"path":"/aidlc-workshop/src/GameLoop.js","all":false,"statementMap":{"0":{"start":{"line":1,"column":0},"end":{"line":1,"column":3}},"1":{"start":{"line":2,"column":0},"end":{"line":2,"column":35}},"2":{"start":{"line":3,"column":0},"end":{"line":3,"column":2}},"3":{"start":{"line":4,"column":0},"end":{"line":4,"column":69}},"4":{"start":{"line":5,"column":0},"end":{"line":5,"column":72}},"5":{"start":{"line":6,"column":0},"end":{"line":6,"column":42}},"6":{"start":{"line":7,"column":0},"end":{"line":7,"column":2}},"7":{"start":{"line":8,"column":0},"end":{"line":8,"column":72}},"8":{"start":{"line":9,"column":0},"end":{"line":9,"column":45}},"9":{"start":{"line":10,"column":0},"end":{"line":10,"column":3}},"20":{"start":{"line":21,"column":0},"end":{"line":21,"column":23}},"21":{"start":{"line":22,"column":0},"end":{"line":22,"column":17}},"22":{"start":{"line":23,"column":0},"end":{"line":23,"column":32}},"23":{"start":{"line":24,"column":0},"end":{"line":24,"column":22}},"24":{"start":{"line":25,"column":0},"end":{"line":25,"column":29}},"25":{"start":{"line":26,"column":0},"end":{"line":26,"column":21}},"26":{"start":{"line":27,"column":0},"end":{"line":27,"column":26}},"28":{"start":{"line":29,"column":0},"end":{"line":29,"column":41}},"29":{"start":{"line":30,"column":0},"end":{"line":30,"column":23}},"30":{"start":{"line":31,"column":0},"end":{"line":31,"column":22}},"31":{"start":{"line":32,"column":0},"end":{"line":32,"column":25}},"32":{"start":{"line":33,"column":0},"end":{"line":33,"column":23}},"33":{"start":{"line":34,"column":0},"end":{"line":34,"column":21}},"34":{"start":{"line":35,"column":0},"end":{"line":35,"column":21}},"35":{"start":{"line":36,"column":0},"end":{"line":36,"column":27}},"36":{"start":{"line":37,"column":0},"end":{"line":37,"column":25}},"37":{"start":{"line":38,"column":0},"end":{"line":38,"column":3}},"39":{"start":{"line":40,"column":0},"end":{"line":40,"column":5}},"40":{"start":{"line":41,"column":0},"end":{"line":41,"column":55}},"41":{"start":{"line":42,"column":0},"end":{"line":42,"column":38}},"42":{"start":{"line":43,"column":0},"end":{"line":43,"column":75}},"43":{"start":{"line":44,"column":0},"end":{"line":44,"column":5}},"44":{"start":{"line":45,"column":0},"end":{"line":45,"column":32}},"45":{"start":{"line":46,"column":0},"end":{"line":46,"column":24}},"47":{"start":{"line":48,"column":0},"end":{"line":48,"column":65}},"48":{"start":{"line":49,"column":0},"end":{"line":49,"column":59}},"49":{"start":{"line":50,"column":0},"end":{"line":50,"column":70}},"50":{"start":{"line":51,"column":0},"end":{"line":51,"column":61}},"51":{"start":{"line":52,"column":0},"end":{"line":52,"column":65}},"52":{"start":{"line":53,"column":0},"end":{"line":53,"column":75}},"53":{"start":{"line":54,"column":0},"end":{"line":54,"column":57}},"54":{"start":{"line":55,"column":0},"end":{"line":55,"column":57}},"55":{"start":{"line":56,"column":0},"end":{"line":56,"column":61}},"57":{"start":{"line":58,"column":0},"end":{"line":58,"column":28}},"58":{"start":{"line":59,"column":0},"end":{"line":59,"column":27}},"59":{"start":{"line":60,"column":0},"end":{"line":60,"column":22}},"60":{"start":{"line":61,"column":0},"end":{"line":61,"column":25}},"61":{"start":{"line":62,"column":0},"end":{"line":62,"column":23}},"62":{"start":{"line":63,"column":0},"end":{"line":63,"column":21}},"63":{"start":{"line":64,"column":0},"end":{"line":64,"column":21}},"64":{"start":{"line":65,"column":0},"end":{"line":65,"column":31}},"66":{"start":{"line":67,"column":0},"end":{"line":67,"column":27}},"67":{"start":{"line":68,"column":0},"end":{"line":68,"column":32}},"68":{"start":{"line":69,"column":0},"end":{"line":69,"column":25}},"69":{"start":{"line":70,"column":0},"end":{"line":70,"column":29}},"71":{"start":{"line":72,"column":0},"end":{"line":72,"column":25}},"72":{"start":{"line":73,"column":0},"end":{"line":73,"column":25}},"73":{"start":{"line":74,"column":0},"end":{"line":74,"column":3}},"75":{"start":{"line":76,"column":0},"end":{"line":76,"column":5}},"76":{"start":{"line":77,"column":0},"end":{"line":77,"column":39}},"77":{"start":{"line":78,"column":0},"end":{"line":78,"column":79}},"78":{"start":{"line":79,"column":0},"end":{"line":79,"column":5}},"79":{"start":{"line":80,"column":0},"end":{"line":80,"column":18}},"80":{"start":{"line":81,"column":0},"end":{"line":81,"column":31}},"82":{"start":{"line":83,"column":0},"end":{"line":83,"column":83}},"83":{"start":{"line":84,"column":0},"end":{"line":84,"column":49}},"84":{"start":{"line":85,"column":0},"end":{"line":85,"column":52}},"85":{"start":{"line":86,"column":0},"end":{"line":86,"column":13}},"86":{"start":{"line":87,"column":0},"end":{"line":87,"column":34}},"88":{"start":{"line":89,"column":0},"end":{"line":89,"column":17}},"89":{"start":{"line":90,"column":0},"end":{"line":90,"column":45}},"91":{"start":{"line":92,"column":0},"end":{"line":92,"column":38}},"92":{"start":{"line":93,"column":0},"end":{"line":93,"column":26}},"93":{"start":{"line":94,"column":0},"end":{"line":94,"column":29}},"94":{"start":{"line":95,"column":0},"end":{"line":95,"column":5}},"96":{"start":{"line":97,"column":0},"end":{"line":97,"column":23}},"97":{"start":{"line":98,"column":0},"end":{"line":98,"column":25}},"98":{"start":{"line":99,"column":0},"end":{"line":99,"column":27}},"99":{"start":{"line":100,"column":0},"end":{"line":100,"column":60}},"100":{"start":{"line":101,"column":0},"end":{"line":101,"column":13}},"102":{"start":{"line":103,"column":0},"end":{"line":103,"column":29}},"103":{"start":{"line":104,"column":0},"end":{"line":104,"column":38}},"104":{"start":{"line":105,"column":0},"end":{"line":105,"column":13}},"106":{"start":{"line":107,"column":0},"end":{"line":107,"column":27}},"107":{"start":{"line":108,"column":0},"end":{"line":108,"column":72}},"108":{"start":{"line":109,"column":0},"end":{"line":109,"column":13}},"109":{"start":{"line":110,"column":0},"end":{"line":110,"column":5}},"111":{"start":{"line":112,"column":0},"end":{"line":112,"column":13}},"112":{"start":{"line":113,"column":0},"end":{"line":113,"column":18}},"114":{"start":{"line":115,"column":0},"end":{"line":115,"column":26}},"115":{"start":{"line":116,"column":0},"end":{"line":116,"column":25}},"116":{"start":{"line":117,"column":0},"end":{"line":117,"column":3}},"118":{"start":{"line":119,"column":0},"end":{"line":119,"column":5}},"119":{"start":{"line":120,"column":0},"end":{"line":120,"column":50}},"120":{"start":{"line":121,"column":0},"end":{"line":121,"column":5}},"121":{"start":{"line":122,"column":0},"end":{"line":122,"column":10}},"122":{"start":{"line":123,"column":0},"end":{"line":123,"column":26}},"123":{"start":{"line":124,"column":0},"end":{"line":124,"column":30}},"124":{"start":{"line":125,"column":0},"end":{"line":125,"column":38}},"125":{"start":{"line":126,"column":0},"end":{"line":126,"column":23}},"126":{"start":{"line":127,"column":0},"end":{"line":127,"column":5}},"127":{"start":{"line":128,"column":0},"end":{"line":128,"column":21}},"128":{"start":{"line":129,"column":0},"end":{"line":129,"column":26}},"129":{"start":{"line":130,"column":0},"end":{"line":130,"column":5}},"130":{"start":{"line":131,"column":0},"end":{"line":131,"column":21}},"131":{"start":{"line":132,"column":0},"end":{"line":132,"column":38}},"132":{"start":{"line":133,"column":0},"end":{"line":133,"column":5}},"133":{"start":{"line":134,"column":0},"end":{"line":134,"column":3}},"135":{"start":{"line":136,"column":0},"end":{"line":136,"column":5}},"136":{"start":{"line":137,"column":0},"end":{"line":137,"column":42}},"137":{"start":{"line":138,"column":0},"end":{"line":138,"column":22}},"138":{"start":{"line":139,"column":0},"end":{"line":139,"column":5}},"139":{"start":{"line":140,"column":0},"end":{"line":140,"column":14}},"140":{"start":{"line":141,"column":0},"end":{"line":141,"column":21}},"141":{"start":{"line":142,"column":0},"end":{"line":142,"column":3}},"143":{"start":{"line":144,"column":0},"end":{"line":144,"column":78}},"145":{"start":{"line":146,"column":0},"end":{"line":146,"column":20}},"146":{"start":{"line":147,"column":0},"end":{"line":147,"column":31}},"147":{"start":{"line":148,"column":0},"end":{"line":148,"column":55}},"148":{"start":{"line":149,"column":0},"end":{"line":149,"column":62}},"149":{"start":{"line":150,"column":0},"end":{"line":150,"column":5}},"150":{"start":{"line":151,"column":0},"end":{"line":151,"column":3}},"152":{"start":{"line":153,"column":0},"end":{"line":153,"column":22}},"153":{"start":{"line":154,"column":0},"end":{"line":154,"column":25}},"154":{"start":{"line":155,"column":0},"end":{"line":155,"column":27}},"155":{"start":{"line":156,"column":0},"end":{"line":156,"column":25}},"156":{"start":{"line":157,"column":0},"end":{"line":157,"column":13}},"158":{"start":{"line":159,"column":0},"end":{"line":159,"column":29}},"159":{"start":{"line":160,"column":0},"end":{"line":160,"column":26}},"160":{"start":{"line":161,"column":0},"end":{"line":161,"column":29}},"161":{"start":{"line":162,"column":0},"end":{"line":162,"column":13}},"163":{"start":{"line":164,"column":0},"end":{"line":164,"column":27}},"164":{"start":{"line":165,"column":0},"end":{"line":165,"column":25}},"165":{"start":{"line":166,"column":0},"end":{"line":166,"column":13}},"166":{"start":{"line":167,"column":0},"end":{"line":167,"column":5}},"167":{"start":{"line":168,"column":0},"end":{"line":168,"column":3}},"169":{"start":{"line":170,"column":0},"end":{"line":170,"column":16}},"170":{"start":{"line":171,"column":0},"end":{"line":171,"column":34}},"171":{"start":{"line":172,"column":0},"end":{"line":172,"column":49}},"172":{"start":{"line":173,"column":0},"end":{"line":173,"column":22}},"173":{"start":{"line":174,"column":0},"end":{"line":174,"column":25}},"174":{"start":{"line":175,"column":0},"end":{"line":175,"column":36}},"175":{"start":{"line":176,"column":0},"end":{"line":176,"column":3}},"177":{"start":{"line":178,"column":0},"end":{"line":178,"column":16}},"178":{"start":{"line":179,"column":0},"end":{"line":179,"column":22}},"179":{"start":{"line":180,"column":0},"end":{"line":180,"column":25}},"180":{"start":{"line":181,"column":0},"end":{"line":181,"column":24}},"181":{"start":{"line":182,"column":0},"end":{"line":182,"column":23}},"182":{"start":{"line":183,"column":0},"end":{"line":183,"column":32}},"183":{"start":{"line":184,"column":0},"end":{"line":184,"column":29}},"184":{"start":{"line":185,"column":0},"end":{"line":185,"column":3}},"186":{"start":{"line":187,"column":0},"end":{"line":187,"column":29}},"187":{"start":{"line":188,"column":0},"end":{"line":188,"column":67}},"189":{"start":{"line":190,"column":0},"end":{"line":190,"column":28}},"190":{"start":{"line":191,"column":0},"end":{"line":191,"column":63}},"192":{"start":{"line":193,"column":0},"end":{"line":193,"column":23}},"193":{"start":{"line":194,"column":0},"end":{"line":194,"column":41}},"195":{"start":{"line":196,"column":0},"end":{"line":196,"column":28}},"196":{"start":{"line":197,"column":0},"end":{"line":197,"column":42}},"197":{"start":{"line":198,"column":0},"end":{"line":198,"column":43}},"199":{"start":{"line":200,"column":0},"end":{"line":200,"column":23}},"200":{"start":{"line":201,"column":0},"end":{"line":201,"column":31}},"201":{"start":{"line":202,"column":0},"end":{"line":202,"column":58}},"202":{"start":{"line":203,"column":0},"end":{"line":203,"column":22}},"203":{"start":{"line":204,"column":0},"end":{"line":204,"column":13}},"204":{"start":{"line":205,"column":0},"end":{"line":205,"column":7}},"205":{"start":{"line":206,"column":0},"end":{"line":206,"column":5}},"207":{"start":{"line":208,"column":0},"end":{"line":208,"column":43}},"208":{"start":{"line":209,"column":0},"end":{"line":209,"column":44}},"210":{"start":{"line":211,"column":0},"end":{"line":211,"column":43}},"211":{"start":{"line":212,"column":0},"end":{"line":212,"column":90}},"212":{"start":{"line":213,"column":0},"end":{"line":213,"column":21}},"213":{"start":{"line":214,"column":0},"end":{"line":214,"column":5}},"214":{"start":{"line":215,"column":0},"end":{"line":215,"column":3}},"216":{"start":{"line":217,"column":0},"end":{"line":217,"column":14}},"217":{"start":{"line":218,"column":0},"end":{"line":218,"column":32}},"218":{"start":{"line":219,"column":0},"end":{"line":219,"column":22}},"219":{"start":{"line":220,"column":0},"end":{"line":220,"column":36}},"220":{"start":{"line":221,"column":0},"end":{"line":221,"column":30}},"221":{"start":{"line":222,"column":0},"end":{"line":222,"column":32}},"222":{"start":{"line":223,"column":0},"end":{"line":223,"column":3}},"224":{"start":{"line":225,"column":0},"end":{"line":225,"column":13}},"225":{"start":{"line":226,"column":0},"end":{"line":226,"column":63}},"226":{"start":{"line":227,"column":0},"end":{"line":227,"column":65}},"227":{"start":{"line":228,"column":0},"end":{"line":228,"column":60}},"228":{"start":{"line":229,"column":0},"end":{"line":229,"column":68}},"230":{"start":{"line":231,"column":0},"end":{"line":231,"column":25}},"231":{"start":{"line":232,"column":0},"end":{"line":232,"column":27}},"232":{"start":{"line":233,"column":0},"end":{"line":233,"column":34}},"233":{"start":{"line":234,"column":0},"end":{"line":234,"column":13}},"234":{"start":{"line":235,"column":0},"end":{"line":235,"column":29}},"235":{"start":{"line":236,"column":0},"end":{"line":236,"column":53}},"236":{"start":{"line":237,"column":0},"end":{"line":237,"column":13}},"237":{"start":{"line":238,"column":0},"end":{"line":238,"column":27}},"238":{"start":{"line":239,"column":0},"end":{"line":239,"column":50}},"239":{"start":{"line":240,"column":0},"end":{"line":240,"column":13}},"240":{"start":{"line":241,"column":0},"end":{"line":241,"column":5}},"241":{"start":{"line":242,"column":0},"end":{"line":242,"column":3}},"242":{"start":{"line":243,"column":0},"end":{"line":243,"column":1}}},"s":{"0":1,"1":1,"2":1,"3":1,"4":1,"5":1,"6":1,"7":1,"8":1,"9":1,"20":1,"21":1,"22":9,"23":9,"24":9,"25":9,"26":9,"28":9,"29":9,"30":9,"31":9,"32":9,"33":9,"34":9,"35":9,"36":9,"37":9,"39":1,"40":1,"41":1,"42":1,"43":1,"44":1,"45":9,"47":9,"48":9,"49":9,"50":9,"51":9,"52":9,"53":9,"54":9,"55":9,"57":9,"58":9,"59":9,"60":9,"61":9,"62":9,"63":9,"64":9,"66":9,"67":9,"68":9,"69":9,"71":9,"72":9,"73":9,"75":1,"76":1,"77":1,"78":1,"79":1,"80":27,"82":27,"83":27,"84":27,"85":27,"86":27,"88":27,"89":27,"91":27,"92":27,"93":4,"94":4,"96":27,"97":27,"98":27,"99":1,"100":1,"102":27,"103":26,"104":26,"106":27,"107":0,"108":0,"109":27,"111":27,"112":27,"114":27,"115":27,"116":27,"118":1,"119":1,"120":1,"121":1,"122":10,"123":10,"124":9,"125":9,"126":9,"127":10,"128":10,"129":10,"130":10,"131":10,"132":10,"133":10,"135":1,"136":1,"137":1,"138":1,"139":1,"140":11,"141":11,"143":1,"145":1,"146":36,"147":36,"148":36,"149":36,"150":36,"152":1,"153":4,"154":4,"155":3,"156":3,"158":4,"159":0,"160":0,"161":0,"163":4,"164":1,"165":1,"166":4,"167":4,"169":1,"170":3,"171":3,"172":3,"173":3,"174":3,"175":3,"177":1,"178":1,"179":1,"180":1,"181":1,"182":1,"183":1,"184":1,"186":1,"187":26,"189":26,"190":26,"192":26,"193":26,"195":26,"196":26,"197":26,"199":26,"200":26,"201":23,"202":1,"203":1,"204":1,"205":23,"207":26,"208":26,"210":26,"211":26,"212":2,"213":2,"214":26,"216":1,"217":2,"218":2,"219":2,"220":2,"221":2,"222":2,"224":1,"225":27,"226":27,"227":27,"228":27,"230":27,"231":27,"232":1,"233":1,"234":27,"235":24,"236":24,"237":27,"238":2,"239":2,"240":27,"241":27,"242":1},"branchMap":{"0":{"type":"branch","line":22,"loc":{"start":{"line":22,"column":2},"end":{"line":38,"column":3}},"locations":[{"start":{"line":22,"column":2},"end":{"line":38,"column":3}}]},"1":{"type":"branch","line":45,"loc":{"start":{"line":45,"column":2},"end":{"line":74,"column":3}},"locations":[{"start":{"line":45,"column":2},"end":{"line":74,"column":3}}]},"2":{"type":"branch","line":49,"loc":{"start":{"line":49,"column":43},"end":{"line":49,"column":59}},"locations":[{"start":{"line":49,"column":43},"end":{"line":49,"column":59}}]},"3":{"type":"branch","line":50,"loc":{"start":{"line":50,"column":43},"end":{"line":50,"column":70}},"locations":[{"start":{"line":50,"column":43},"end":{"line":50,"column":70}}]},"4":{"type":"branch","line":51,"loc":{"start":{"line":51,"column":43},"end":{"line":51,"column":61}},"locations":[{"start":{"line":51,"column":43},"end":{"line":51,"column":61}}]},"5":{"type":"branch","line":52,"loc":{"start":{"line":52,"column":45},"end":{"line":52,"column":65}},"locations":[{"start":{"line":52,"column":45},"end":{"line":52,"column":65}}]},"6":{"type":"branch","line":53,"loc":{"start":{"line":53,"column":43},"end":{"line":53,"column":75}},"locations":[{"start":{"line":53,"column":43},"end":{"line":53,"column":75}}]},"7":{"type":"branch","line":54,"loc":{"start":{"line":54,"column":43},"end":{"line":54,"column":57}},"locations":[{"start":{"line":54,"column":43},"end":{"line":54,"column":57}}]},"8":{"type":"branch","line":55,"loc":{"start":{"line":55,"column":43},"end":{"line":55,"column":57}},"locations":[{"start":{"line":55,"column":43},"end":{"line":55,"column":57}}]},"9":{"type":"branch","line":56,"loc":{"start":{"line":56,"column":43},"end":{"line":56,"column":61}},"locations":[{"start":{"line":56,"column":43},"end":{"line":56,"column":61}}]},"10":{"type":"branch","line":80,"loc":{"start":{"line":80,"column":2},"end":{"line":117,"column":3}},"locations":[{"start":{"line":80,"column":2},"end":{"line":117,"column":3}}]},"11":{"type":"branch","line":81,"loc":{"start":{"line":81,"column":25},"end":{"line":81,"column":31}},"locations":[{"start":{"line":81,"column":25},"end":{"line":81,"column":31}}]},"12":{"type":"branch","line":85,"loc":{"start":{"line":85,"column":6},"end":{"line":85,"column":52}},"locations":[{"start":{"line":85,"column":6},"end":{"line":85,"column":52}}]},"13":{"type":"branch","line":86,"loc":{"start":{"line":86,"column":6},"end":{"line":86,"column":13}},"locations":[{"start":{"line":86,"column":6},"end":{"line":86,"column":13}}]},"14":{"type":"branch","line":93,"loc":{"start":{"line":93,"column":25},"end":{"line":95,"column":5}},"locations":[{"start":{"line":93,"column":25},"end":{"line":95,"column":5}}]},"15":{"type":"branch","line":99,"loc":{"start":{"line":99,"column":6},"end":{"line":101,"column":13}},"locations":[{"start":{"line":99,"column":6},"end":{"line":101,"column":13}}]},"16":{"type":"branch","line":103,"loc":{"start":{"line":103,"column":6},"end":{"line":105,"column":13}},"locations":[{"start":{"line":103,"column":6},"end":{"line":105,"column":13}}]},"17":{"type":"branch","line":107,"loc":{"start":{"line":107,"column":6},"end":{"line":109,"column":13}},"locations":[{"start":{"line":107,"column":6},"end":{"line":109,"column":13}}]},"18":{"type":"branch","line":122,"loc":{"start":{"line":122,"column":2},"end":{"line":134,"column":3}},"locations":[{"start":{"line":122,"column":2},"end":{"line":134,"column":3}}]},"19":{"type":"branch","line":124,"loc":{"start":{"line":124,"column":29},"end":{"line":127,"column":5}},"locations":[{"start":{"line":124,"column":29},"end":{"line":127,"column":5}}]},"20":{"type":"branch","line":140,"loc":{"start":{"line":140,"column":2},"end":{"line":142,"column":3}},"locations":[{"start":{"line":140,"column":2},"end":{"line":142,"column":3}}]},"21":{"type":"branch","line":146,"loc":{"start":{"line":146,"column":2},"end":{"line":151,"column":3}},"locations":[{"start":{"line":146,"column":2},"end":{"line":151,"column":3}}]},"22":{"type":"branch","line":147,"loc":{"start":{"line":147,"column":25},"end":{"line":147,"column":31}},"locations":[{"start":{"line":147,"column":25},"end":{"line":147,"column":31}}]},"23":{"type":"branch","line":153,"loc":{"start":{"line":153,"column":2},"end":{"line":168,"column":3}},"locations":[{"start":{"line":153,"column":2},"end":{"line":168,"column":3}}]},"24":{"type":"branch","line":155,"loc":{"start":{"line":155,"column":6},"end":{"line":157,"column":13}},"locations":[{"start":{"line":155,"column":6},"end":{"line":157,"column":13}}]},"25":{"type":"branch","line":159,"loc":{"start":{"line":159,"column":6},"end":{"line":162,"column":13}},"locations":[{"start":{"line":159,"column":6},"end":{"line":162,"column":13}}]},"26":{"type":"branch","line":164,"loc":{"start":{"line":164,"column":6},"end":{"line":166,"column":13}},"locations":[{"start":{"line":164,"column":6},"end":{"line":166,"column":13}}]},"27":{"type":"branch","line":170,"loc":{"start":{"line":170,"column":2},"end":{"line":176,"column":3}},"locations":[{"start":{"line":170,"column":2},"end":{"line":176,"column":3}}]},"28":{"type":"branch","line":178,"loc":{"start":{"line":178,"column":2},"end":{"line":185,"column":3}},"locations":[{"start":{"line":178,"column":2},"end":{"line":185,"column":3}}]},"29":{"type":"branch","line":187,"loc":{"start":{"line":187,"column":2},"end":{"line":215,"column":3}},"locations":[{"start":{"line":187,"column":2},"end":{"line":215,"column":3}}]},"30":{"type":"branch","line":201,"loc":{"start":{"line":201,"column":30},"end":{"line":206,"column":5}},"locations":[{"start":{"line":201,"column":30},"end":{"line":206,"column":5}}]},"31":{"type":"branch","line":202,"loc":{"start":{"line":202,"column":57},"end":{"line":205,"column":7}},"locations":[{"start":{"line":202,"column":57},"end":{"line":205,"column":7}}]},"32":{"type":"branch","line":212,"loc":{"start":{"line":212,"column":24},"end":{"line":212,"column":34}},"locations":[{"start":{"line":212,"column":24},"end":{"line":212,"column":34}}]},"33":{"type":"branch","line":212,"loc":{"start":{"line":212,"column":35},"end":{"line":212,"column":62}},"locations":[{"start":{"line":212,"column":35},"end":{"line":212,"column":62}}]},"34":{"type":"branch","line":212,"loc":{"start":{"line":212,"column":63},"end":{"line":212,"column":87}},"locations":[{"start":{"line":212,"column":63},"end":{"line":212,"column":87}}]},"35":{"type":"branch","line":212,"loc":{"start":{"line":212,"column":89},"end":{"line":214,"column":5}},"locations":[{"start":{"line":212,"column":89},"end":{"line":214,"column":5}}]},"36":{"type":"branch","line":217,"loc":{"start":{"line":217,"column":2},"end":{"line":223,"column":3}},"locations":[{"start":{"line":217,"column":2},"end":{"line":223,"column":3}}]},"37":{"type":"branch","line":225,"loc":{"start":{"line":225,"column":2},"end":{"line":242,"column":3}},"locations":[{"start":{"line":225,"column":2},"end":{"line":242,"column":3}}]},"38":{"type":"branch","line":226,"loc":{"start":{"line":226,"column":57},"end":{"line":226,"column":63}},"locations":[{"start":{"line":226,"column":57},"end":{"line":226,"column":63}}]},"39":{"type":"branch","line":227,"loc":{"start":{"line":227,"column":61},"end":{"line":227,"column":65}},"locations":[{"start":{"line":227,"column":61},"end":{"line":227,"column":65}}]},"40":{"type":"branch","line":228,"loc":{"start":{"line":228,"column":57},"end":{"line":228,"column":60}},"locations":[{"start":{"line":228,"column":57},"end":{"line":228,"column":60}}]},"41":{"type":"branch","line":229,"loc":{"start":{"line":229,"column":65},"end":{"line":229,"column":68}},"locations":[{"start":{"line":229,"column":65},"end":{"line":229,"column":68}}]},"42":{"type":"branch","line":232,"loc":{"start":{"line":232,"column":6},"end":{"line":234,"column":13}},"locations":[{"start":{"line":232,"column":6},"end":{"line":234,"column":13}}]},"43":{"type":"branch","line":235,"loc":{"start":{"line":235,"column":6},"end":{"line":237,"column":13}},"locations":[{"start":{"line":235,"column":6},"end":{"line":237,"column":13}}]},"44":{"type":"branch","line":238,"loc":{"start":{"line":238,"column":6},"end":{"line":240,"column":13}},"locations":[{"start":{"line":238,"column":6},"end":{"line":240,"column":13}}]}},"b":{"0":[9],"1":[9],"2":[0],"3":[0],"4":[0],"5":[0],"6":[0],"7":[0],"8":[0],"9":[0],"10":[27],"11":[0],"12":[20],"13":[7],"14":[4],"15":[1],"16":[26],"17":[0],"18":[10],"19":[9],"20":[11],"21":[36],"22":[0],"23":[4],"24":[3],"25":[0],"26":[1],"27":[3],"28":[1],"29":[26],"30":[23],"31":[1],"32":[25],"33":[24],"34":[24],"35":[2],"36":[2],"37":[27],"38":[0],"39":[0],"40":[0],"41":[0],"42":[1],"43":[24],"44":[2]},"fnMap":{"0":{"name":"GameLoop","decl":{"start":{"line":22,"column":2},"end":{"line":38,"column":3}},"loc":{"start":{"line":22,"column":2},"end":{"line":38,"column":3}},"line":22},"1":{"name":"init","decl":{"start":{"line":45,"column":2},"end":{"line":74,"column":3}},"loc":{"start":{"line":45,"column":2},"end":{"line":74,"column":3}},"line":45},"2":{"name":"run","decl":{"start":{"line":80,"column":2},"end":{"line":117,"column":3}},"loc":{"start":{"line":80,"column":2},"end":{"line":117,"column":3}},"line":80},"3":{"name":"stop","decl":{"start":{"line":122,"column":2},"end":{"line":134,"column":3}},"loc":{"start":{"line":122,"column":2},"end":{"line":134,"column":3}},"line":122},"4":{"name":"getState","decl":{"start":{"line":140,"column":2},"end":{"line":142,"column":3}},"loc":{"start":{"line":140,"column":2},"end":{"line":142,"column":3}},"line":140},"5":{"name":"_scheduleFrame","decl":{"start":{"line":146,"column":2},"end":{"line":151,"column":3}},"loc":{"start":{"line":146,"column":2},"end":{"line":151,"column":3}},"line":146},"6":{"name":"_handleFlapInput","decl":{"start":{"line":153,"column":2},"end":{"line":168,"column":3}},"loc":{"start":{"line":153,"column":2},"end":{"line":168,"column":3}},"line":153},"7":{"name":"_startGame","decl":{"start":{"line":170,"column":2},"end":{"line":176,"column":3}},"loc":{"start":{"line":170,"column":2},"end":{"line":176,"column":3}},"line":170},"8":{"name":"_resetGame","decl":{"start":{"line":178,"column":2},"end":{"line":185,"column":3}},"loc":{"start":{"line":178,"column":2},"end":{"line":185,"column":3}},"line":178},"9":{"name":"_updatePlaying","decl":{"start":{"line":187,"column":2},"end":{"line":215,"column":3}},"loc":{"start":{"line":187,"column":2},"end":{"line":215,"column":3}},"line":187},"10":{"name":"_endGame","decl":{"start":{"line":217,"column":2},"end":{"line":223,"column":3}},"loc":{"start":{"line":217,"column":2},"end":{"line":223,"column":3}},"line":217},"11":{"name":"_render","decl":{"start":{"line":225,"column":2},"end":{"line":242,"column":3}},"loc":{"start":{"line":225,"column":2},"end":{"line":242,"column":3}},"line":225}},"f":{"0":9,"1":9,"2":27,"3":10,"4":11,"5":36,"6":4,"7":3,"8":1,"9":26,"10":2,"11":27}}
,"/aidlc-workshop/src/Input.js": {"path":"/aidlc-workshop/src/Input.js","all":false,"statementMap":{"0":{"start":{"line":1,"column":0},"end":{"line":1,"column":3}},"1":{"start":{"line":2,"column":0},"end":{"line":2,"column":32}},"2":{"start":{"line":3,"column":0},"end":{"line":3,"column":2}},"3":{"start":{"line":4,"column":0},"end":{"line":4,"column":73}},"4":{"start":{"line":5,"column":0},"end":{"line":5,"column":74}},"5":{"start":{"line":6,"column":0},"end":{"line":6,"column":3}},"7":{"start":{"line":8,"column":0},"end":{"line":8,"column":25}},"8":{"start":{"line":9,"column":0},"end":{"line":9,"column":78}},"10":{"start":{"line":11,"column":0},"end":{"line":11,"column":20}},"11":{"start":{"line":12,"column":0},"end":{"line":12,"column":17}},"12":{"start":{"line":13,"column":0},"end":{"line":13,"column":33}},"13":{"start":{"line":14,"column":0},"end":{"line":14,"column":34}},"14":{"start":{"line":15,"column":0},"end":{"line":15,"column":31}},"15":{"start":{"line":16,"column":0},"end":{"line":16,"column":29}},"16":{"start":{"line":17,"column":0},"end":{"line":17,"column":3}},"18":{"start":{"line":19,"column":0},"end":{"line":19,"column":5}},"19":{"start":{"line":20,"column":0},"end":{"line":20,"column":51}},"20":{"start":{"line":21,"column":0},"end":{"line":21,"column":49}},"21":{"start":{"line":22,"column":0},"end":{"line":22,"column":5}},"22":{"start":{"line":23,"column":0},"end":{"line":23,"column":10}},"23":{"start":{"line":24,"column":0},"end":{"line":24,"column":35}},"24":{"start":{"line":25,"column":0},"end":{"line":25,"column":36}},"25":{"start":{"line":26,"column":0},"end":{"line":26,"column":26}},"26":{"start":{"line":27,"column":0},"end":{"line":27,"column":36}},"27":{"start":{"line":28,"column":0},"end":{"line":28,"column":7}},"28":{"start":{"line":29,"column":0},"end":{"line":29,"column":5}},"30":{"start":{"line":31,"column":0},"end":{"line":31,"column":33}},"31":{"start":{"line":32,"column":0},"end":{"line":32,"column":36}},"32":{"start":{"line":33,"column":0},"end":{"line":33,"column":39}},"33":{"start":{"line":34,"column":0},"end":{"line":34,"column":72}},"34":{"start":{"line":35,"column":0},"end":{"line":35,"column":7}},"35":{"start":{"line":36,"column":0},"end":{"line":36,"column":5}},"37":{"start":{"line":38,"column":0},"end":{"line":38,"column":40}},"38":{"start":{"line":39,"column":0},"end":{"line":39,"column":62}},"39":{"start":{"line":40,"column":0},"end":{"line":40,"column":58}},"40":{"start":{"line":41,"column":0},"end":{"line":41,"column":5}},"41":{"start":{"line":42,"column":0},"end":{"line":42,"column":3}},"43":{"start":{"line":44,"column":0},"end":{"line":44,"column":5}},"44":{"start":{"line":45,"column":0},"end":{"line":45,"column":50}},"45":{"start":{"line":46,"column":0},"end":{"line":46,"column":5}},"46":{"start":{"line":47,"column":0},"end":{"line":47,"column":13}},"47":{"start":{"line":48,"column":0},"end":{"line":48,"column":40}},"48":{"start":{"line":49,"column":0},"end":{"line":49,"column":33}},"49":{"start":{"line":50,"column":0},"end":{"line":50,"column":67}},"50":{"start":{"line":51,"column":0},"end":{"line":51,"column":7}},"51":{"start":{"line":52,"column":0},"end":{"line":52,"column":31}},"52":{"start":{"line":53,"column":0},"end":{"line":53,"column":63}},"53":{"start":{"line":54,"column":0},"end":{"line":54,"column":7}},"54":{"start":{"line":55,"column":0},"end":{"line":55,"column":5}},"55":{"start":{"line":56,"column":0},"end":{"line":56,"column":29}},"56":{"start":{"line":57,"column":0},"end":{"line":57,"column":30}},"57":{"start":{"line":58,"column":0},"end":{"line":58,"column":3}},"59":{"start":{"line":60,"column":0},"end":{"line":60,"column":5}},"60":{"start":{"line":61,"column":0},"end":{"line":61,"column":57}},"61":{"start":{"line":62,"column":0},"end":{"line":62,"column":58}},"62":{"start":{"line":63,"column":0},"end":{"line":63,"column":23}},"63":{"start":{"line":64,"column":0},"end":{"line":64,"column":5}},"64":{"start":{"line":65,"column":0},"end":{"line":65,"column":21}},"65":{"start":{"line":66,"column":0},"end":{"line":66,"column":37}},"66":{"start":{"line":67,"column":0},"end":{"line":67,"column":3}},"68":{"start":{"line":69,"column":0},"end":{"line":69,"column":5}},"69":{"start":{"line":70,"column":0},"end":{"line":70,"column":67}},"70":{"start":{"line":71,"column":0},"end":{"line":71,"column":74}},"71":{"start":{"line":72,"column":0},"end":{"line":72,"column":69}},"72":{"start":{"line":73,"column":0},"end":{"line":73,"column":34}},"73":{"start":{"line":74,"column":0},"end":{"line":74,"column":4}},"74":{"start":{"line":75,"column":0},"end":{"line":75,"column":94}},"75":{"start":{"line":76,"column":0},"end":{"line":76,"column":5}},"76":{"start":{"line":77,"column":0},"end":{"line":77,"column":15}},"77":{"start":{"line":78,"column":0},"end":{"line":78,"column":48}},"78":{"start":{"line":79,"column":0},"end":{"line":79,"column":51}},"80":{"start":{"line":81,"column":0},"end":{"line":81,"column":68}},"81":{"start":{"line":82,"column":0},"end":{"line":82,"column":78}},"82":{"start":{"line":83,"column":0},"end":{"line":83,"column":20}},"83":{"start":{"line":84,"column":0},"end":{"line":84,"column":54}},"84":{"start":{"line":85,"column":0},"end":{"line":85,"column":17}},"85":{"start":{"line":86,"column":0},"end":{"line":86,"column":37}},"86":{"start":{"line":87,"column":0},"end":{"line":87,"column":5}},"88":{"start":{"line":89,"column":0},"end":{"line":89,"column":12}},"89":{"start":{"line":90,"column":0},"end":{"line":90,"column":11}},"90":{"start":{"line":91,"column":0},"end":{"line":91,"column":43}},"91":{"start":{"line":92,"column":0},"end":{"line":92,"column":47}},"92":{"start":{"line":93,"column":0},"end":{"line":93,"column":44}},"93":{"start":{"line":94,"column":0},"end":{"line":94,"column":46}},"94":{"start":{"line":95,"column":0},"end":{"line":95,"column":5}},"95":{"start":{"line":96,"column":0},"end":{"line":96,"column":3}},"97":{"start":{"line":98,"column":0},"end":{"line":98,"column":5}},"98":{"start":{"line":99,"column":0},"end":{"line":99,"column":85}},"99":{"start":{"line":100,"column":0},"end":{"line":100,"column":24}},"100":{"start":{"line":101,"column":0},"end":{"line":101,"column":5}},"101":{"start":{"line":102,"column":0},"end":{"line":102,"column":24}},"102":{"start":{"line":103,"column":0},"end":{"line":103,"column":30}},"103":{"start":{"line":104,"column":0},"end":{"line":104,"column":34}},"104":{"start":{"line":105,"column":0},"end":{"line":105,"column":3}},"106":{"start":{"line":107,"column":0},"end":{"line":107,"column":5}},"107":{"start":{"line":108,"column":0},"end":{"line":108,"column":45}},"108":{"start":{"line":109,"column":0},"end":{"line":109,"column":24}},"109":{"start":{"line":110,"column":0},"end":{"line":110,"column":5}},"110":{"start":{"line":111,"column":0},"end":{"line":111,"column":22}},"111":{"start":{"line":112,"column":0},"end":{"line":112,"column":33}},"112":{"start":{"line":113,"column":0},"end":{"line":113,"column":34}},"113":{"start":{"line":114,"column":0},"end":{"line":114,"column":3}},"114":{"start":{"line":115,"column":0},"end":{"line":115,"column":1}}},"s":{"0":1,"1":1,"2":1,"3":1,"4":1,"5":1,"7":1,"8":1,"10":1,"11":1,"12":11,"13":11,"14":11,"15":11,"16":11,"18":1,"19":1,"20":1,"21":1,"22":1,"23":11,"24":0,"25":0,"26":0,"27":0,"28":0,"30":11,"31":0,"32":0,"33":0,"34":0,"35":0,"37":11,"38":11,"39":11,"40":11,"41":11,"43":1,"44":1,"45":1,"46":1,"47":11,"48":11,"49":11,"50":11,"51":11,"52":11,"53":11,"54":11,"55":11,"56":11,"57":11,"59":1,"60":1,"61":1,"62":1,"63":1,"64":1,"65":0,"66":0,"68":1,"69":1,"70":1,"71":1,"72":1,"73":1,"74":1,"75":1,"76":1,"77":34,"78":34,"80":34,"81":34,"82":34,"83":34,"84":10,"85":10,"86":10,"88":34,"89":34,"90":34,"91":34,"92":34,"93":34,"94":34,"95":34,"97":1,"98":1,"99":1,"100":1,"101":1,"102":13,"103":13,"104":13,"106":1,"107":1,"108":1,"109":1,"110":1,"111":3,"112":3,"113":3,"114":1},"branchMap":{"0":{"type":"branch","line":12,"loc":{"start":{"line":12,"column":2},"end":{"line":17,"column":3}},"locations":[{"start":{"line":12,"column":2},"end":{"line":17,"column":3}}]},"1":{"type":"branch","line":23,"loc":{"start":{"line":23,"column":2},"end":{"line":42,"column":3}},"locations":[{"start":{"line":23,"column":2},"end":{"line":42,"column":3}}]},"2":{"type":"branch","line":47,"loc":{"start":{"line":47,"column":2},"end":{"line":58,"column":3}},"locations":[{"start":{"line":47,"column":2},"end":{"line":58,"column":3}}]},"3":{"type":"branch","line":77,"loc":{"start":{"line":77,"column":2},"end":{"line":96,"column":3}},"locations":[{"start":{"line":77,"column":2},"end":{"line":96,"column":3}}]},"4":{"type":"branch","line":82,"loc":{"start":{"line":82,"column":30},"end":{"line":82,"column":39}},"locations":[{"start":{"line":82,"column":30},"end":{"line":82,"column":39}}]},"5":{"type":"branch","line":82,"loc":{"start":{"line":82,"column":40},"end":{"line":82,"column":71}},"locations":[{"start":{"line":82,"column":40},"end":{"line":82,"column":71}}]},"6":{"type":"branch","line":82,"loc":{"start":{"line":82,"column":53},"end":{"line":82,"column":58}},"locations":[{"start":{"line":82,"column":53},"end":{"line":82,"column":58}}]},"7":{"type":"branch","line":82,"loc":{"start":{"line":82,"column":59},"end":{"line":82,"column":70}},"locations":[{"start":{"line":82,"column":59},"end":{"line":82,"column":70}}]},"8":{"type":"branch","line":82,"loc":{"start":{"line":82,"column":72},"end":{"line":82,"column":78}},"locations":[{"start":{"line":82,"column":72},"end":{"line":82,"column":78}}]},"9":{"type":"branch","line":84,"loc":{"start":{"line":84,"column":16},"end":{"line":84,"column":51}},"locations":[{"start":{"line":84,"column":16},"end":{"line":84,"column":51}}]},"10":{"type":"branch","line":84,"loc":{"start":{"line":84,"column":53},"end":{"line":87,"column":5}},"locations":[{"start":{"line":84,"column":53},"end":{"line":87,"column":5}}]},"11":{"type":"branch","line":102,"loc":{"start":{"line":102,"column":2},"end":{"line":105,"column":3}},"locations":[{"start":{"line":102,"column":2},"end":{"line":105,"column":3}}]},"12":{"type":"branch","line":111,"loc":{"start":{"line":111,"column":2},"end":{"line":114,"column":3}},"locations":[{"start":{"line":111,"column":2},"end":{"line":114,"column":3}}]}},"b":{"0":[11],"1":[11],"2":[11],"3":[34],"4":[26],"5":[11],"6":[8],"7":[3],"8":[23],"9":[11],"10":[10],"11":[13],"12":[3]},"fnMap":{"0":{"name":"Input","decl":{"start":{"line":12,"column":2},"end":{"line":17,"column":3}},"loc":{"start":{"line":12,"column":2},"end":{"line":17,"column":3}},"line":12},"1":{"name":"init","decl":{"start":{"line":23,"column":2},"end":{"line":42,"column":3}},"loc":{"start":{"line":23,"column":2},"end":{"line":42,"column":3}},"line":23},"2":{"name":"_keyDownHandler","decl":{"start":{"line":24,"column":27},"end":{"line":29,"column":5}},"loc":{"start":{"line":24,"column":27},"end":{"line":29,"column":5}},"line":24},"3":{"name":"_keyUpHandler","decl":{"start":{"line":31,"column":25},"end":{"line":36,"column":5}},"loc":{"start":{"line":31,"column":25},"end":{"line":36,"column":5}},"line":31},"4":{"name":"destroy","decl":{"start":{"line":47,"column":2},"end":{"line":58,"column":3}},"loc":{"start":{"line":47,"column":2},"end":{"line":58,"column":3}},"line":47},"5":{"name":"isKeyPressed","decl":{"start":{"line":65,"column":2},"end":{"line":67,"column":3}},"loc":{"start":{"line":65,"column":2},"end":{"line":67,"column":3}},"line":65},"6":{"name":"pollInput","decl":{"start":{"line":77,"column":2},"end":{"line":96,"column":3}},"loc":{"start":{"line":77,"column":2},"end":{"line":96,"column":3}},"line":77},"7":{"name":"simulateKeyDown","decl":{"start":{"line":102,"column":2},"end":{"line":105,"column":3}},"loc":{"start":{"line":102,"column":2},"end":{"line":105,"column":3}},"line":102},"8":{"name":"simulateKeyUp","decl":{"start":{"line":111,"column":2},"end":{"line":114,"column":3}},"loc":{"start":{"line":111,"column":2},"end":{"line":114,"column":3}},"line":111}},"f":{"0":11,"1":11,"2":0,"3":0,"4":11,"5":0,"6":34,"7":13,"8":3}}
,"/aidlc-workshop/src/Obstacles.js": {"path":"/aidlc-workshop/src/Obstacles.js","all":false,"statementMap":{"0":{"start":{"line":1,"column":0},"end":{"line":1,"column":3}},"1":{"start":{"line":2,"column":0},"end":{"line":2,"column":36}},"2":{"start":{"line":3,"column":0},"end":{"line":3,"column":2}},"3":{"start":{"line":4,"column":0},"end":{"line":4,"column":68}},"4":{"start":{"line":5,"column":0},"end":{"line":5,"column":57}},"5":{"start":{"line":6,"column":0},"end":{"line":6,"column":3}},"8":{"start":{"line":9,"column":0},"end":{"line":9,"column":24}},"9":{"start":{"line":10,"column":0},"end":{"line":10,"column":5}},"10":{"start":{"line":11,"column":0},"end":{"line":11,"column":64}},"11":{"start":{"line":12,"column":0},"end":{"line":12,"column":5}},"12":{"start":{"line":13,"column":0},"end":{"line":13,"column":30}},"13":{"start":{"line":14,"column":0},"end":{"line":14,"column":56}},"14":{"start":{"line":15,"column":0},"end":{"line":15,"column":19}},"15":{"start":{"line":16,"column":0},"end":{"line":16,"column":33}},"16":{"start":{"line":17,"column":0},"end":{"line":17,"column":35}},"17":{"start":{"line":18,"column":0},"end":{"line":18,"column":23}},"18":{"start":{"line":19,"column":0},"end":{"line":19,"column":69}},"19":{"start":{"line":20,"column":0},"end":{"line":20,"column":3}},"21":{"start":{"line":22,"column":0},"end":{"line":22,"column":5}},"22":{"start":{"line":23,"column":0},"end":{"line":23,"column":36}},"23":{"start":{"line":24,"column":0},"end":{"line":24,"column":64}},"24":{"start":{"line":25,"column":0},"end":{"line":25,"column":4}},"25":{"start":{"line":26,"column":0},"end":{"line":26,"column":57}},"26":{"start":{"line":27,"column":0},"end":{"line":27,"column":59}},"27":{"start":{"line":28,"column":0},"end":{"line":28,"column":5}},"28":{"start":{"line":29,"column":0},"end":{"line":29,"column":62}},"29":{"start":{"line":30,"column":0},"end":{"line":30,"column":19}},"30":{"start":{"line":31,"column":0},"end":{"line":31,"column":32}},"31":{"start":{"line":32,"column":0},"end":{"line":32,"column":34}},"32":{"start":{"line":33,"column":0},"end":{"line":33,"column":48}},"33":{"start":{"line":34,"column":0},"end":{"line":34,"column":32}},"34":{"start":{"line":35,"column":0},"end":{"line":35,"column":21}},"35":{"start":{"line":36,"column":0},"end":{"line":36,"column":3}},"37":{"start":{"line":38,"column":0},"end":{"line":38,"column":5}},"38":{"start":{"line":39,"column":0},"end":{"line":39,"column":68}},"39":{"start":{"line":40,"column":0},"end":{"line":40,"column":55}},"40":{"start":{"line":41,"column":0},"end":{"line":41,"column":4}},"41":{"start":{"line":42,"column":0},"end":{"line":42,"column":68}},"42":{"start":{"line":43,"column":0},"end":{"line":43,"column":5}},"43":{"start":{"line":44,"column":0},"end":{"line":44,"column":16}},"44":{"start":{"line":45,"column":0},"end":{"line":45,"column":19}},"45":{"start":{"line":46,"column":0},"end":{"line":46,"column":3}},"47":{"start":{"line":48,"column":0},"end":{"line":48,"column":5}},"48":{"start":{"line":49,"column":0},"end":{"line":49,"column":74}},"49":{"start":{"line":50,"column":0},"end":{"line":50,"column":4}},"50":{"start":{"line":51,"column":0},"end":{"line":51,"column":65}},"51":{"start":{"line":52,"column":0},"end":{"line":52,"column":5}},"52":{"start":{"line":53,"column":0},"end":{"line":53,"column":26}},"53":{"start":{"line":54,"column":0},"end":{"line":54,"column":26}},"54":{"start":{"line":55,"column":0},"end":{"line":55,"column":36}},"55":{"start":{"line":56,"column":0},"end":{"line":56,"column":30}},"56":{"start":{"line":57,"column":0},"end":{"line":57,"column":5}},"58":{"start":{"line":59,"column":0},"end":{"line":59,"column":81}},"59":{"start":{"line":60,"column":0},"end":{"line":60,"column":73}},"60":{"start":{"line":61,"column":0},"end":{"line":61,"column":37}},"61":{"start":{"line":62,"column":0},"end":{"line":62,"column":45}},"62":{"start":{"line":63,"column":0},"end":{"line":63,"column":23}},"63":{"start":{"line":64,"column":0},"end":{"line":64,"column":5}},"65":{"start":{"line":66,"column":0},"end":{"line":66,"column":50}},"66":{"start":{"line":67,"column":0},"end":{"line":67,"column":58}},"67":{"start":{"line":68,"column":0},"end":{"line":68,"column":3}},"69":{"start":{"line":70,"column":0},"end":{"line":70,"column":5}},"70":{"start":{"line":71,"column":0},"end":{"line":71,"column":61}},"71":{"start":{"line":72,"column":0},"end":{"line":72,"column":24}},"72":{"start":{"line":73,"column":0},"end":{"line":73,"column":5}},"73":{"start":{"line":74,"column":0},"end":{"line":74,"column":14}},"74":{"start":{"line":75,"column":0},"end":{"line":75,"column":21}},"75":{"start":{"line":76,"column":0},"end":{"line":76,"column":3}},"77":{"start":{"line":78,"column":0},"end":{"line":78,"column":5}},"78":{"start":{"line":79,"column":0},"end":{"line":79,"column":74}},"79":{"start":{"line":80,"column":0},"end":{"line":80,"column":54}},"80":{"start":{"line":81,"column":0},"end":{"line":81,"column":24}},"81":{"start":{"line":82,"column":0},"end":{"line":82,"column":5}},"82":{"start":{"line":83,"column":0},"end":{"line":83,"column":29}},"83":{"start":{"line":84,"column":0},"end":{"line":84,"column":73}},"84":{"start":{"line":85,"column":0},"end":{"line":85,"column":3}},"86":{"start":{"line":87,"column":0},"end":{"line":87,"column":5}},"87":{"start":{"line":88,"column":0},"end":{"line":88,"column":38}},"88":{"start":{"line":89,"column":0},"end":{"line":89,"column":5}},"89":{"start":{"line":90,"column":0},"end":{"line":90,"column":11}},"90":{"start":{"line":91,"column":0},"end":{"line":91,"column":48}},"91":{"start":{"line":92,"column":0},"end":{"line":92,"column":3}},"93":{"start":{"line":94,"column":0},"end":{"line":94,"column":78}},"95":{"start":{"line":96,"column":0},"end":{"line":96,"column":5}},"96":{"start":{"line":97,"column":0},"end":{"line":97,"column":79}},"97":{"start":{"line":98,"column":0},"end":{"line":98,"column":64}},"98":{"start":{"line":99,"column":0},"end":{"line":99,"column":5}},"99":{"start":{"line":100,"column":0},"end":{"line":100,"column":16}},"100":{"start":{"line":101,"column":0},"end":{"line":101,"column":35}},"101":{"start":{"line":102,"column":0},"end":{"line":102,"column":29}},"102":{"start":{"line":103,"column":0},"end":{"line":103,"column":77}},"103":{"start":{"line":104,"column":0},"end":{"line":104,"column":25}},"104":{"start":{"line":105,"column":0},"end":{"line":105,"column":63}},"105":{"start":{"line":106,"column":0},"end":{"line":106,"column":51}},"106":{"start":{"line":107,"column":0},"end":{"line":107,"column":3}},"108":{"start":{"line":109,"column":0},"end":{"line":109,"column":5}},"109":{"start":{"line":110,"column":0},"end":{"line":110,"column":58}},"110":{"start":{"line":111,"column":0},"end":{"line":111,"column":64}},"111":{"start":{"line":112,"column":0},"end":{"line":112,"column":4}},"112":{"start":{"line":113,"column":0},"end":{"line":113,"column":55}},"113":{"start":{"line":114,"column":0},"end":{"line":114,"column":5}},"114":{"start":{"line":115,"column":0},"end":{"line":115,"column":17}},"115":{"start":{"line":116,"column":0},"end":{"line":116,"column":38}},"116":{"start":{"line":117,"column":0},"end":{"line":117,"column":38}},"117":{"start":{"line":118,"column":0},"end":{"line":118,"column":57}},"118":{"start":{"line":119,"column":0},"end":{"line":119,"column":3}},"119":{"start":{"line":120,"column":0},"end":{"line":120,"column":1}}},"s":{"0":1,"1":1,"2":1,"3":1,"4":1,"5":1,"8":1,"9":1,"10":1,"11":1,"12":1,"13":13,"14":13,"15":13,"16":13,"17":13,"18":13,"19":13,"21":1,"22":1,"23":1,"24":1,"25":1,"26":1,"27":1,"28":1,"29":13,"30":13,"31":13,"32":13,"33":13,"34":13,"35":13,"37":1,"38":1,"39":1,"40":1,"41":1,"42":1,"43":1,"44":9,"45":9,"47":1,"48":1,"49":1,"50":1,"51":1,"52":1,"53":45,"54":45,"55":73,"56":73,"58":45,"59":45,"60":45,"61":45,"62":17,"63":17,"65":45,"66":45,"67":45,"69":1,"70":1,"71":1,"72":1,"73":1,"74":59,"75":59,"77":1,"78":1,"79":1,"80":1,"81":1,"82":1,"83":2,"84":2,"86":1,"87":1,"88":1,"89":1,"90":0,"91":0,"93":1,"95":1,"96":1,"97":1,"98":1,"99":1,"100":30,"101":30,"102":30,"103":30,"104":30,"105":30,"106":30,"108":1,"109":1,"110":1,"111":1,"112":1,"113":1,"114":1,"115":30,"116":30,"117":30,"118":30,"119":1},"branchMap":{"0":{"type":"branch","line":13,"loc":{"start":{"line":13,"column":2},"end":{"line":20,"column":3}},"locations":[{"start":{"line":13,"column":2},"end":{"line":20,"column":3}}]},"1":{"type":"branch","line":29,"loc":{"start":{"line":29,"column":2},"end":{"line":36,"column":3}},"locations":[{"start":{"line":29,"column":2},"end":{"line":36,"column":3}}]},"2":{"type":"branch","line":44,"loc":{"start":{"line":44,"column":2},"end":{"line":46,"column":3}},"locations":[{"start":{"line":44,"column":2},"end":{"line":46,"column":3}}]},"3":{"type":"branch","line":53,"loc":{"start":{"line":53,"column":2},"end":{"line":68,"column":3}},"locations":[{"start":{"line":53,"column":2},"end":{"line":68,"column":3}}]},"4":{"type":"branch","line":55,"loc":{"start":{"line":55,"column":35},"end":{"line":57,"column":5}},"locations":[{"start":{"line":55,"column":35},"end":{"line":57,"column":5}}]},"5":{"type":"branch","line":62,"loc":{"start":{"line":62,"column":44},"end":{"line":64,"column":5}},"locations":[{"start":{"line":62,"column":44},"end":{"line":64,"column":5}}]},"6":{"type":"branch","line":67,"loc":{"start":{"line":67,"column":35},"end":{"line":67,"column":57}},"locations":[{"start":{"line":67,"column":35},"end":{"line":67,"column":57}}]},"7":{"type":"branch","line":74,"loc":{"start":{"line":74,"column":2},"end":{"line":76,"column":3}},"locations":[{"start":{"line":74,"column":2},"end":{"line":76,"column":3}}]},"8":{"type":"branch","line":83,"loc":{"start":{"line":83,"column":2},"end":{"line":85,"column":3}},"locations":[{"start":{"line":83,"column":2},"end":{"line":85,"column":3}}]},"9":{"type":"branch","line":84,"loc":{"start":{"line":84,"column":29},"end":{"line":84,"column":72}},"locations":[{"start":{"line":84,"column":29},"end":{"line":84,"column":72}}]},"10":{"type":"branch","line":84,"loc":{"start":{"line":84,"column":44},"end":{"line":84,"column":72}},"locations":[{"start":{"line":84,"column":44},"end":{"line":84,"column":72}}]},"11":{"type":"branch","line":100,"loc":{"start":{"line":100,"column":2},"end":{"line":107,"column":3}},"locations":[{"start":{"line":100,"column":2},"end":{"line":107,"column":3}}]},"12":{"type":"branch","line":115,"loc":{"start":{"line":115,"column":2},"end":{"line":119,"column":3}},"locations":[{"start":{"line":115,"column":2},"end":{"line":119,"column":3}}]}},"b":{"0":[13],"1":[13],"2":[9],"3":[45],"4":[73],"5":[17],"6":[90],"7":[59],"8":[2],"9":[2],"10":[1],"11":[30],"12":[30]},"fnMap":{"0":{"name":"Obstacles","decl":{"start":{"line":13,"column":2},"end":{"line":20,"column":3}},"loc":{"start":{"line":13,"column":2},"end":{"line":20,"column":3}},"line":13},"1":{"name":"init","decl":{"start":{"line":29,"column":2},"end":{"line":36,"column":3}},"loc":{"start":{"line":29,"column":2},"end":{"line":36,"column":3}},"line":29},"2":{"name":"seedRNG","decl":{"start":{"line":44,"column":2},"end":{"line":46,"column":3}},"loc":{"start":{"line":44,"column":2},"end":{"line":46,"column":3}},"line":44},"3":{"name":"update","decl":{"start":{"line":53,"column":2},"end":{"line":68,"column":3}},"loc":{"start":{"line":53,"column":2},"end":{"line":68,"column":3}},"line":53},"4":{"name":"getWalls","decl":{"start":{"line":74,"column":2},"end":{"line":76,"column":3}},"loc":{"start":{"line":74,"column":2},"end":{"line":76,"column":3}},"line":74},"5":{"name":"getPassableWalls","decl":{"start":{"line":83,"column":2},"end":{"line":85,"column":3}},"loc":{"start":{"line":83,"column":2},"end":{"line":85,"column":3}},"line":83},"6":{"name":"reset","decl":{"start":{"line":90,"column":2},"end":{"line":92,"column":3}},"loc":{"start":{"line":90,"column":2},"end":{"line":92,"column":3}},"line":90},"7":{"name":"_spawnWall","decl":{"start":{"line":100,"column":2},"end":{"line":107,"column":3}},"loc":{"start":{"line":100,"column":2},"end":{"line":107,"column":3}},"line":100},"8":{"name":"_randomGapY","decl":{"start":{"line":115,"column":2},"end":{"line":119,"column":3}},"loc":{"start":{"line":115,"column":2},"end":{"line":119,"column":3}},"line":115}},"f":{"0":13,"1":13,"2":9,"3":45,"4":59,"5":2,"6":0,"7":30,"8":30}}
,"/aidlc-workshop/src/Persistence.js": {"path":"/aidlc-workshop/src/Persistence.js","all":false,"statementMap":{"0":{"start":{"line":1,"column":0},"end":{"line":1,"column":3}},"1":{"start":{"line":2,"column":0},"end":{"line":2,"column":38}},"2":{"start":{"line":3,"column":0},"end":{"line":3,"column":2}},"3":{"start":{"line":4,"column":0},"end":{"line":4,"column":75}},"4":{"start":{"line":5,"column":0},"end":{"line":5,"column":74}},"5":{"start":{"line":6,"column":0},"end":{"line":6,"column":60}},"6":{"start":{"line":7,"column":0},"end":{"line":7,"column":3}},"8":{"start":{"line":9,"column":0},"end":{"line":9,"column":30}},"9":{"start":{"line":10,"column":0},"end":{"line":10,"column":47}},"10":{"start":{"line":11,"column":0},"end":{"line":11,"column":38}},"12":{"start":{"line":13,"column":0},"end":{"line":13,"column":26}},"13":{"start":{"line":14,"column":0},"end":{"line":14,"column":17}},"14":{"start":{"line":15,"column":0},"end":{"line":15,"column":27}},"15":{"start":{"line":16,"column":0},"end":{"line":16,"column":3}},"17":{"start":{"line":18,"column":0},"end":{"line":18,"column":5}},"18":{"start":{"line":19,"column":0},"end":{"line":19,"column":66}},"19":{"start":{"line":20,"column":0},"end":{"line":20,"column":50}},"20":{"start":{"line":21,"column":0},"end":{"line":21,"column":5}},"21":{"start":{"line":22,"column":0},"end":{"line":22,"column":10}},"22":{"start":{"line":23,"column":0},"end":{"line":23,"column":47}},"23":{"start":{"line":24,"column":0},"end":{"line":24,"column":3}},"25":{"start":{"line":26,"column":0},"end":{"line":26,"column":5}},"26":{"start":{"line":27,"column":0},"end":{"line":27,"column":31}},"27":{"start":{"line":28,"column":0},"end":{"line":28,"column":63}},"28":{"start":{"line":29,"column":0},"end":{"line":29,"column":5}},"29":{"start":{"line":30,"column":0},"end":{"line":30,"column":18}},"30":{"start":{"line":31,"column":0},"end":{"line":31,"column":34}},"31":{"start":{"line":32,"column":0},"end":{"line":32,"column":9}},"32":{"start":{"line":33,"column":0},"end":{"line":33,"column":54}},"33":{"start":{"line":34,"column":0},"end":{"line":34,"column":32}},"34":{"start":{"line":35,"column":0},"end":{"line":35,"column":38}},"35":{"start":{"line":36,"column":0},"end":{"line":36,"column":53}},"36":{"start":{"line":37,"column":0},"end":{"line":37,"column":17}},"37":{"start":{"line":38,"column":0},"end":{"line":38,"column":14}},"38":{"start":{"line":39,"column":0},"end":{"line":39,"column":5}},"39":{"start":{"line":40,"column":0},"end":{"line":40,"column":3}},"41":{"start":{"line":42,"column":0},"end":{"line":42,"column":5}},"42":{"start":{"line":43,"column":0},"end":{"line":43,"column":25}},"43":{"start":{"line":44,"column":0},"end":{"line":44,"column":69}},"44":{"start":{"line":45,"column":0},"end":{"line":45,"column":26}},"45":{"start":{"line":46,"column":0},"end":{"line":46,"column":5}},"46":{"start":{"line":47,"column":0},"end":{"line":47,"column":23}},"47":{"start":{"line":48,"column":0},"end":{"line":48,"column":32}},"48":{"start":{"line":49,"column":0},"end":{"line":49,"column":9}},"49":{"start":{"line":50,"column":0},"end":{"line":50,"column":57}},"50":{"start":{"line":51,"column":0},"end":{"line":51,"column":17}},"51":{"start":{"line":52,"column":0},"end":{"line":52,"column":60}},"52":{"start":{"line":53,"column":0},"end":{"line":53,"column":5}},"53":{"start":{"line":54,"column":0},"end":{"line":54,"column":3}},"55":{"start":{"line":56,"column":0},"end":{"line":56,"column":5}},"56":{"start":{"line":57,"column":0},"end":{"line":57,"column":31}},"57":{"start":{"line":58,"column":0},"end":{"line":58,"column":54}},"58":{"start":{"line":59,"column":0},"end":{"line":59,"column":5}},"59":{"start":{"line":60,"column":0},"end":{"line":60,"column":19}},"60":{"start":{"line":61,"column":0},"end":{"line":61,"column":38}},"61":{"start":{"line":62,"column":0},"end":{"line":62,"column":9}},"62":{"start":{"line":63,"column":0},"end":{"line":63,"column":49}},"63":{"start":{"line":64,"column":0},"end":{"line":64,"column":36}},"64":{"start":{"line":65,"column":0},"end":{"line":65,"column":27}},"65":{"start":{"line":66,"column":0},"end":{"line":66,"column":17}},"66":{"start":{"line":67,"column":0},"end":{"line":67,"column":18}},"67":{"start":{"line":68,"column":0},"end":{"line":68,"column":5}},"68":{"start":{"line":69,"column":0},"end":{"line":69,"column":3}},"70":{"start":{"line":71,"column":0},"end":{"line":71,"column":5}},"71":{"start":{"line":72,"column":0},"end":{"line":72,"column":25}},"72":{"start":{"line":73,"column":0},"end":{"line":73,"column":27}},"73":{"start":{"line":74,"column":0},"end":{"line":74,"column":5}},"74":{"start":{"line":75,"column":0},"end":{"line":75,"column":24}},"75":{"start":{"line":76,"column":0},"end":{"line":76,"column":32}},"76":{"start":{"line":77,"column":0},"end":{"line":77,"column":9}},"77":{"start":{"line":78,"column":0},"end":{"line":78,"column":52}},"78":{"start":{"line":79,"column":0},"end":{"line":79,"column":17}},"79":{"start":{"line":80,"column":0},"end":{"line":80,"column":32}},"80":{"start":{"line":81,"column":0},"end":{"line":81,"column":5}},"81":{"start":{"line":82,"column":0},"end":{"line":82,"column":3}},"83":{"start":{"line":84,"column":0},"end":{"line":84,"column":78}},"85":{"start":
[...]
,"end":{"line":58,"column":61}},"58":{"start":{"line":59,"column":0},"end":{"line":59,"column":22}},"59":{"start":{"line":60,"column":0},"end":{"line":60,"column":5}},"60":{"start":{"line":61,"column":0},"end":{"line":61,"column":18}},"61":{"start":{"line":62,"column":0},"end":{"line":62,"column":25}},"62":{"start":{"line":63,"column":0},"end":{"line":63,"column":3}},"64":{"start":{"line":65,"column":0},"end":{"line":65,"column":5}},"65":{"start":{"line":66,"column":0},"end":{"line":66,"column":85}},"66":{"start":{"line":67,"column":0},"end":{"line":67,"column":44}},"67":{"start":{"line":68,"column":0},"end":{"line":68,"column":5}},"68":{"start":{"line":69,"column":0},"end":{"line":69,"column":19}},"69":{"start":{"line":70,"column":0},"end":{"line":70,"column":38}},"70":{"start":{"line":71,"column":0},"end":{"line":71,"column":33}},"71":{"start":{"line":72,"column":0},"end":{"line":72,"column":29}},"72":{"start":{"line":73,"column":0},"end":{"line":73,"column":53}},"73":{"start":{"line":74,"column":0},"end":{"line":74,"column":7}},"74":{"start":{"line":75,"column":0},"end":{"line":75,"column":5}},"75":{"start":{"line":76,"column":0},"end":{"line":76,"column":3}},"77":{"start":{"line":78,"column":0},"end":{"line":78,"column":5}},"78":{"start":{"line":79,"column":0},"end":{"line":79,"column":60}},"79":{"start":{"line":80,"column":0},"end":{"line":80,"column":5}},"80":{"start":{"line":81,"column":0},"end":{"line":81,"column":11}},"81":{"start":{"line":82,"column":0},"end":{"line":82,"column":18}},"82":{"start":{"line":83,"column":0},"end":{"line":83,"column":3}},"83":{"start":{"line":84,"column":0},"end":{"line":84,"column":1}}},"s":{"0":1,"1":1,"2":1,"3":1,"4":1,"5":1,"7":1,"8":1,"9":1,"10":1,"11":1,"12":14,"13":14,"14":14,"15":14,"17":1,"18":1,"19":1,"20":1,"21":14,"22":14,"23":14,"25":1,"26":1,"27":1,"28":1,"29":1,"30":1,"31":1,"32":1,"33":1,"34":29,"35":29,"37":29,"38":30,"39":30,"40":5,"41":5,"42":5,"43":5,"44":30,"45":29,"46":29,"48":1,"49":1,"50":1,"51":1,"52":1,"53":30,"54":30,"56":1,"57":1,"58":1,"59":1,"60":1,"61":27,"62":27,"64":1,"65":1,"66":1,"67":1,"68":1,"69":3,"70":2,"71":2,"72":2,"73":2,"74":2,"75":3,"77":1,"78":1,"79":1,"80":1,"81":0,"82":0,"83":1},"branchMap":{"0":{"type":"branch","line":12,"loc":{"start":{"line":12,"column":2},"end":{"line":16,"column":3}},"locations":[{"start":{"line":12,"column":2},"end":{"line":16,"column":3}}]},"1":{"type":"branch","line":21,"loc":{"start":{"line":21,"column":2},"end":{"line":24,"column":3}},"locations":[{"start":{"line":21,"column":2},"end":{"line":24,"column":3}}]},"2":{"type":"branch","line":23,"loc":{"start":{"line":23,"column":38},"end":{"line":23,"column":71}},"locations":[{"start":{"line":23,"column":38},"end":{"line":23,"column":71}}]},"3":{"type":"branch","line":23,"loc":{"start":{"line":23,"column":72},"end":{"line":23,"column":75}},"locations":[{"start":{"line":23,"column":72},"end":{"line":23,"column":75}}]},"4":{"type":"branch","line":34,"loc":{"start":{"line":34,"column":2},"end":{"line":47,"column":3}},"locations":[{"start":{"line":34,"column":2},"end":{"line":47,"column":3}}]},"5":{"type":"branch","line":38,"loc":{"start":{"line":38,"column":30},"end":{"line":45,"column":5}},"locations":[{"start":{"line":38,"column":30},"end":{"line":45,"column":5}}]},"6":{"type":"branch","line":40,"loc":{"start":{"line":40,"column":23},"end":{"line":40,"column":59}},"locations":[{"start":{"line":40,"column":23},"end":{"line":40,"column":59}}]},"7":{"type":"branch","line":40,"loc":{"start":{"line":40,"column":61},"end":{"line":44,"column":7}},"locations":[{"start":{"line":40,"column":61},"end":{"line":44,"column":7}}]},"8":{"type":"branch","line":53,"loc":{"start":{"line":53,"column":2},"end":{"line":55,"column":3}},"locations":[{"start":{"line":53,"column":2},"end":{"line":55,"column":3}}]},"9":{"type":"branch","line":61,"loc":{"start":{"line":61,"column":2},"end":{"line":63,"column":3}},"locations":[{"start":{"line":61,"column":2},"end":{"line":63,"column":3}}]},"10":{"type":"branch","line":69,"loc":{"start":{"line":69,"column":2},"end":{"line":76,"column":3}},"locations":[{"start":{"line":69,"column":2},"end":{"line":76,"column":3}}]},"11":{"type":"branch","line":70,"loc":{"start":{"line":70,"column":37},"end":{"line":75,"column":5}},"locations":[{"start":{"line":70,"column":37},"end":{"line":75,"column":5}}]}},"b":{"0":[14],"1":[14],"2":[13],"3":[1],"4":[29],"5":[30],"6":[28],"7":[5],"8":[30],"9":[27],"10":[3],"11":[2]},"fnMap":{"0":{"name":"Scoring","decl":{"start":{"line":12,"column":2},"end":{"line":16,"column":3}},"loc":{"start":{"line":12,"column":2},"end":{"line":16,"column":3}},"line":12},"1":{"name":"init","decl":{"start":{"line":21,"column":2},"end":{"line":24,"column":3}},"loc":{"start":{"line":21,"column":2},"end":{"line":24,"column":3}},"line":21},"2":{"name":"checkPassage","decl":{"start":{"line":34,"column":2},"end":{"line":47,"column":3}},"loc":{"start":{"line":34,"column":2},"end":{"line":47,"column":3}},"line":34},"3":{"name":"getScore","decl":{"start":{"line":53,"column":2},"end":{"line":55,"column":3}},"loc":{"start":{"line":53,"column":2},"end":{"line":55,"column":3}},"line":53},"4":{"name":"getHighScore","decl":{"start":{"line":61,"column":2},"end":{"line":63,"column":3}},"loc":{"start":{"line":61,"column":2},"end":{"line":63,"column":3}},"line":61},"5":{"name":"recordEndGame","decl":{"start":{"line":69,"column":2},"end":{"line":76,"column":3}},"loc":{"start":{"line":69,"column":2},"end":{"line":76,"column":3}},"line":69},"6":{"name":"reset","decl":{"start":{"line":81,"column":2},"end":{"line":83,"column":3}},"loc":{"start":{"line":81,"column":2},"end":{"line":83,"column":3}},"line":81}},"f":{"0":14,"1":14,"2":29,"3":30,"4":27,"5":3,"6":0}}
,"/aidlc-workshop/src/index.js": {"path":"/aidlc-workshop/src/index.js","all":true,"statementMap":{"0":{"start":{"line":1,"column":0},"end":{"line":1,"column":3}},"1":{"start":{"line":2,"column":0},"end":{"line":2,"column":28}},"2":{"start":{"line":3,"column":0},"end":{"line":3,"column":45}},"3":{"start":{"line":4,"column":0},"end":{"line":4,"column":3}},"6":{"start":{"line":7,"column":0},"end":{"line":7,"column":19}},"8":{"start":{"line":9,"column":0},"end":{"line":9,"column":21}},"9":{"start":{"line":10,"column":0},"end":{"line":10,"column":5}},"10":{"start":{"line":11,"column":0},"end":{"line":11,"column":63}},"11":{"start":{"line":12,"column":0},"end":{"line":12,"column":66}},"12":{"start":{"line":13,"column":0},"end":{"line":13,"column":5}},"13":{"start":{"line":14,"column":0},"end":{"line":14,"column":16}},"14":{"start":{"line":15,"column":0},"end":{"line":15,"column":19}},"15":{"start":{"line":16,"column":0},"end":{"line":16,"column":21}},"16":{"start":{"line":17,"column":0},"end":{"line":17,"column":5}},"17":{"start":{"line":18,"column":0},"end":{"line":18,"column":29}},"18":{"start":{"line":19,"column":0},"end":{"line":19,"column":25}},"19":{"start":{"line":20,"column":0},"end":{"line":20,"column":4}},"21":{"start":{"line":22,"column":0},"end":{"line":22,"column":5}},"22":{"start":{"line":23,"column":0},"end":{"line":23,"column":50}},"23":{"start":{"line":24,"column":0},"end":{"line":24,"column":5}},"24":{"start":{"line":25,"column":0},"end":{"line":25,"column":13}},"25":{"start":{"line":26,"column":0},"end":{"line":26,"column":19}},"26":{"start":{"line":27,"column":0},"end":{"line":27,"column":21}},"27":{"start":{"line":28,"column":0},"end":{"line":28,"column":21}},"28":{"start":{"line":29,"column":0},"end":{"line":29,"column":5}},"29":{"start":{"line":30,"column":0},"end":{"line":30,"column":4}},"30":{"start":{"line":31,"column":0},"end":{"line":31,"column":1}},"32":{"start":{"line":33,"column":0},"end":{"line":33,"column":59}},"33":{"start":{"line":34,"column":0},"end":{"line":34,"column":38}},"34":{"start":{"line":35,"column":0},"end":{"line":35,"column":53}},"35":{"start":{"line":36,"column":0},"end":{"line":36,"column":56}},"36":{"start":{"line":37,"column":0},"end":{"line":37,"column":17}},"37":{"start":{"line":38,"column":0},"end":{"line":38,"column":23}},"38":{"start":{"line":39,"column":0},"end":{"line":39,"column":5}},"39":{"start":{"line":40,"column":0},"end":{"line":40,"column":4}},"40":{"start":{"line":41,"column":0},"end":{"line":41,"column":1}}},"s":{"0":0,"1":0,"2":0,"3":0,"6":0,"8":0,"9":0,"10":0,"11":0,"12":0,"13":0,"14":0,"15":0,"16":0,"17":0,"18":0,"19":0,"21":0,"22":0,"23":0,"24":0,"25":0,"26":0,"27":0,"28":0,"29":0,"30":0,"32":0,"33":0,"34":0,"35":0,"36":0,"37":0,"38":0,"39":0,"40":0},"branchMap":{"0":{"type":"branch","line":1,"loc":{"start":{"line":1,"column":0},"end":{"line":41,"column":-193}},"locations":[{"start":{"line":1,"column":0},"end":{"line":41,"column":-193}}]}},"b":{"0":[0]},"fnMap":{"0":{"name":"(empty-report)","decl":{"start":{"line":1,"column":0},"end":{"line":41,"column":-193}},"loc":{"start":{"line":1,"column":0},"end":{"line":41,"column":-193}},"line":1}},"f":{"0":0}}
,"/aidlc-workshop/src/types.js": {"path":"/aidlc-workshop/src/types.js","all":false,"statementMap":{"0":{"start":{"line":1,"column":0},"end":{"line":1,"column":3}},"1":{"start":{"line":2,"column":0},"end":{"line":2,"column":46}},"2":{"start":{"line":3,"column":0},"end":{"line":3,"column":2}},"3":{"start":{"line":4,"column":0},"end":{"line":4,"column":67}},"4":{"start":{"line":5,"column":0},"end":{"line":5,"column":3}},"6":{"start":{"line":7,"column":0},"end":{"line":7,"column":80}},"8":{"start":{"line":9,"column":0},"end":{"line":9,"column":49}},"9":{"start":{"line":10,"column":0},"end":{"line":10,"column":40}},"10":{"start":{"line":11,"column":0},"end":{"line":11,"column":17}},"11":{"start":{"line":12,"column":0},"end":{"line":12,"column":21}},"12":{"start":{"line":13,"column":0},"end":{"line":13,"column":17}},"13":{"start":{"line":14,"column":0},"end":{"line":14,"column":2}},"15":{"start":{"line":16,"column":0},"end":{"line":16,"column":81}},"17":{"start":{"line":18,"column":0},"end":{"line":18,"column":36}},"18":{"start":{"line":19,"column":0},"end":{"line":19,"column":13}},"19":{"start":{"line":20,"column":0},"end":{"line":20,"column":14}},"20":{"start":{"line":21,"column":0},"end":{"line":21,"column":9}},"21":{"start":{"line":22,"column":0},"end":{"line":22,"column":14}},"22":{"start":{"line":23,"column":0},"end":{"line":23,"column":10}},"23":{"start":{"line":24,"column":0},"end":{"line":24,"column":13}},"24":{"start":{"line":25,"column":0},"end":{"line":25,"column":71}},"25":{"start":{"line":26,"column":0},"end":{"line":26,"column":2}},"27":{"start":{"line":28,"column":0},"end":{"line":28,"column":81}},"29":{"start":{"line":30,"column":0},"end":{"line":30,"column":3}},"30":{"start":{"line":31,"column":0},"end":{"line":31,"column":42}},"31":{"start":{"line":32,"column":0},"end":{"line":32,"column":62}},"32":{"start":{"line":33,"column":0},"end":{"line":33,"column":2}},"33":{"start":{"line":34,"column":0},"end":{"line":34,"column":78}},"34":{"start":{"line":35,"column":0},"end":{"line":35,"column":48}},"35":{"start":{"line":36,"column":0},"end":{"line":36,"column":3}},"36":{"start":{"line":37,"column":0},"end":{"line":37,"column":47}},"37":{"start":{"line":38,"column":0},"end":{"line":38,"column":68}},"38":{"start":{"line":39,"column":0},"end":{"line":39,"column":77}},"39":{"start":{"line":40,"column":0},"end":{"line":40,"column":69}},"40":{"start":{"line":41,"column":0},"end":{"line":41,"column":78}},"41":{"start":{"line":42,"column":0},"end":{"line":42,"column":72}},"42":{"start":{"line":43,"column":0},"end":{"line":43,"column":61}},"43":{"start":{"line":44,"column":0},"end":{"line":44,"column":79}},"44":{"start":{"line":45,"column":0},"end":{"line":45,"column":79}},"45":{"start":{"line":46,"column":0},"end":{"line":46,"column":67}},"46":{"start":{"line":47,"column":0},"end":{"line":47,"column":2}},"48":{"start":{"line":49,"column":0},"end":{"line":49,"column":80}},"50":{"start":{"line":51,"column":0},"end":{"line":51,"column":46}},"51":{"start":{"line":52,"column":0},"end":{"line":52,"column":13}},"52":{"start":{"line":53,"column":0},"end":{"line":53,"column":14}},"53":{"start":{"line":54,"column":0},"end":{"line":54,"column":12}},"54":{"start":{"line":55,"column":0},"end":{"line":55,"column":13}},"55":{"start":{"line":56,"column":0},"end":{"line":56,"column":2}},"57":{"start":{"line":58,"column":0},"end":{"line":58,"column":81}},"59":{"start":{"line":60,"column":0},"end":{"line":60,"column":3}},"60":{"start":{"line":61,"column":0},"end":{"line":61,"column":43}},"61":{"start":{"line":62,"column":0},"end":{"line":62,"column":20}},"62":{"start":{"line":63,"column":0},"end":{"line":63,"column":20}},"63":{"start":{"line":64,"column":0},"end":{"line":64,"column":38}},"64":{"start":{"line":65,"column":0},"end":{"line":65,"column":3}},"65":{"start":{"line":66,"column":0},"end":{"line":66,"column":45}},"66":{"start":{"line":67,"column":0},"end":{"line":67,"column":17}},"67":{"start":{"line":68,"column":0},"end":{"line":68,"column":1}},"69":{"start":{"line":70,"column":0},"end":{"line":70,"column":3}},"70":{"start":{"line":71,"column":0},"end":{"line":71,"column":54}},"71":{"start":{"line":72,"column":0},"end":{"line":72,"column":38}},"72":{"start":{"line":73,"column":0},"end":{"line":73,"column":38}},"73":{"start":{"line":74,"column":0},"end":{"line":74,"column":38}},"74":{"start":{"line":75,"column":0},"end":{"line":75,"column":3}},"75":{"start":{"line":76,"column":0},"end":{"line":76,"column":34}},"76":{"start":{"line":77,"column":0},"end":{"line":77,"column":39}},"77":{"start":{"line":78,"column":0},"end":{"line":78,"column":1}},"79":{"start":{"line":80,"column":0},"end":{"line":80,"column":3}},"80":{"start":{"line":81,"column":0},"end":{"line":81,"column":75}},"81":{"start":{"line":82,"column":0},"end":{"line":82,"column":20}},"82":{"start":{"line":83,"column":0},"end":{"line":83,"column":20}},"83":{"start":{"line":84,"column":0},"end":{"line":84,"column":24}},"84":{"start":{"line":85,"column":0},"end":{"line":85,"column":25}},"85":{"start":{"line":86,"column":0},"end":{"line":86,"column":20}},"86":{"start":{"line":87,"column":0},"end":{"line":87,"column":3}},"87":{"start":{"line":88,"column":0},"end":{"line":88,"column":71}},"88":{"start":{"line":89,"column":0},"end":{"line":89,"column":10}},"89":{"start":{"line":90,"column":0},"end":{"line":90,"column":6}},"90":{"start":{"line":91,"column":0},"end":{"line":91,"column":6}},"91":{"start":{"line":92,"column":0},"end":{"line":92,"column":10}},"92":{"start":{"line":93,"column":0},"end":{"line":93,"column":10}},"93":{"start":{"line":94,"column":0},"end":{"line":94,"column":10}},"94":{"start":{"line":95,"column":0},"end":{"line":95,"column":11}},"95":{"start":{"line":96,"column":0},"end":{"line":96,"column":18}},"96":{"start":{"line":97,"column":0},"end":{"line":97,"column":3}},"97":{"start":{"line":98,"column":0},"end":{"line":98,"column":1}},"99":{"start":{"line":100,"column":0},"end":{"line":100,"column":3}},"100":{"start":{"line":101,"column":0},"end":{"line":101,"column":64}},"101":{"start":{"line":102,"column":0},"end":{"line":102,"column":20}},"102":{"start":{"line":103,"column":0},"end":{"line":103,"column":20}},"103":{"start":{"line":104,"column":0},"end":{"line":104,"column":20}},"104":{"start":{"line":105,"column":0},"end":{"line":105,"column":3}},"105":{"start":{"line":106,"column":0},"end":{"line":106,"column":86}},"106":{"start":{"line":107,"column":0},"end":{"line":107,"column":10}},"107":{"start":{"line":108,"column":0},"end":{"line":108,"column":77}},"108":{"start":{"line":109,"column":0},"end":{"line":109,"column":68}},"109":{"start":{"line":110,"column":0},"end":{"line":110,"column":48}},"110":{"start":{"line":111,"column":0},"end":{"line":111,"column":14}},"111":{"start":{"line":112,"column":0},"end":{"line":112,"column":3}},"112":{"start":{"line":113,"column":0},"end":{"line":113,"column":1}},"114":{"start":{"line":115,"column":0},"end":{"line":115,"column":3}},"115":{"start":{"line":116,"column":0},"end":{"line":116,"column":62}},"116":{"start":{"line":117,"column":0},"end":{"line":117,"column":51}},"117":{"start":{"line":118,"column":0},"end":{"line":118,"column":63}},"118":{"start":{"line":119,"column":0},"end":{"line":119,"column":58}},"119":{"start":{"line":120,"column":0},"end":{"line":120,"column":49}},"120":{"start":{"line":121,"column":0},"end":{"line":121,"column":20}},"121":{"start":{"line":122,"column":0},"end":{"line":122,"column":3}},"122":{"start":{"line":123,"column":0},"end":{"line":123,"column":96}},"123":{"start":{"line":124,"column":0},"end":{"line":124,"column":10}},"124":{"start":{"line":125,"column":0},"end":{"line":125,"column":6}},"125":{"start":{"line":126,"column":0},"end":{"line":126,"column":40}},"126":{"start":{"line":127,"column":0},"end":{"line":127,"column":52}},"127":{"start":{"line":128,"column":0},"end":{"line":128,"column":38}},"128":{"start":{"line":129,"column":0},"end":{"line":129,"column":71}},"129":{"start":{"line":130,"column":0},"end":{"line":130,"column":78}},"130":{"start":{"line":131,"column":0},"end":{"line":131,"column":75}},"131":{"start":{"line":132,"column":0},"end":{"line":132,"column":70}},"132":{"start":{"line":133,"column":0},"end":{"line":133,"column":3}},"133":{"start":{"line":134,"column":0},"end":{"line":134,"column":1}}},"s":{"0":1,"1":1,"2":1,"3":1,"4":1,"6":1,"8":1,"9":1,"10":1,"11":1,"12":1,"13":1,"15":1,"17":1,"18":1,"19":1,"20":1,"21":1,"22":1,"23":1,"24":1,"25":1,"27":1,"29":1,"30":1,"31":1,"32":1,"33":1,"34":1,"35":1,"36":1,"37":1,"38":1,"39":1,"40":1,"41":1,"42":1,"43":1,"44":1,"45":1,"46":1,"48":1,"50":1,"51":1,"52":1,"53":1,"54":1,"55":1,"57":1,"59":1,"60":1,"61":1,"62":1,"63":1,"64":1,"65":1,"66":6,"67":6,"69":1,"70":1,"71":1,"72":1,"73":1,"74":1,"75":1,"76":2,"77":2,"79":1,"80":1,"81":1,"82":1,"83":1,"84":1,"85":1,"86":1,"87":1,"88":21,"89":21,"90":21,"91":21,"92":21,"93":21,"94":21,"95":21,"96":21,"97":21,"99":1,"100":1,"101":1,"102":1,"103":1,"104":1,"105":1,"106":19,"107":19,"108":19,"109":19,"110":19,"111":19,"112":19,"114":1,"115":1,"116":1,"117":1,"118":1,"119":1,"120":1,"121":1,"122":1,"123":38,"124":38,"125":38,"126":38,"127":38,"128":38,"129":38,"130":38,"131":38,"132":38,"133":38},"branchMap":{"0":{"type":"branch","line":66,"loc":{"start":{"line":66,"column":7},"end":{"line":68,"column":1}},"locations":[{"start":{"line":66,"column":7},"end":{"line":68,"column":1}}]},"1":{"type":"branch","line":76,"loc":{"start":{"line":76,"column":7},"end":{"line":78,"column":1}},"locations":[{"start":{"line":76,"column":7},"end":{"line":78,"column":1}}]},"2":{"type":"branch","line":88,"loc":{"start":{"line":88,"column":7},"end":{"line":98,"column":1}},"locations":[{"start":{"line":88,"column":7},"end":{"line":98,"column":1}}]},"3":{"type":"branch","line":106,"loc":{"start":{"line":106,"column":7},"end":{"line":113,"column":1}},"locations":[{"start":{"line":106,"column":7},"end":{"line":113,"column":1}}]},"4":{"type":"branch","line":123,"loc":{"start":{"line":123,"column":7},"end":{"line":134,"column":1}},"locations":[{"start":{"line":123,"column":7},"end":{"line":134,"column":1}}]}},"b":{"0":[6],"1":[2],"2":[21],"3":[19],"4":[38]},"fnMap":{"0":{"name":"createVector2","decl":{"start":{"line":66,"column":7},"end":{"line":68,"column":1}},"loc":{"start":{"line":66,"column":7},"end":{"line":68,"column":1}},"line":66},"1":{"name":"addVector2","decl":{"start":{"line":76,"column":7},"end":{"line":78,"column":1}},"loc":{"start":{"line":76,"column":7},"end":{"line":78,"column":1}},"line":76},"2":{"name":"createGameObject","decl":{"start":{"line":88,"column":7},"end":{"line":98,"column":1}},"loc":{"start":{"line":88,"column":7},"end":{"line":98,"column":1}},"line":88},"3":{"name":"createGhosty","decl":{"start":{"line":106,"column":7},"end":{"line":113,"column":1}},"loc":{"start":{"line":106,"column":7},"end":{"line":113,"column":1}},"line":106},"4":{"name":"createWall","decl":{"start":{"line":123,"column":7},"end":{"line":134,"column":1}},"loc":{"start":{"line":123,"column":7},"end":{"line":134,"column":1}},"line":123}},"f":{"0":6,"1":2,"2":21,"3":19,"4":38}}
}
